{"meta": {"format": 3, "version": "7.10.1", "timestamp": "2025-08-28T07:37:47.306931", "branch_coverage": false, "show_contexts": false}, "files": {"src/pdfrebuilder/__init__.py": {"executed_lines": [1, 3, 8], "summary": {"covered_lines": 2, "num_statements": 2, "percent_covered": 100.0, "percent_covered_display": "100", "missing_lines": 0, "excluded_lines": 0}, "missing_lines": [], "excluded_lines": [], "functions": {"": {"executed_lines": [1, 3, 8], "summary": {"covered_lines": 2, "num_statements": 2, "percent_covered": 100.0, "percent_covered_display": "100", "missing_lines": 0, "excluded_lines": 0}, "missing_lines": [], "excluded_lines": []}}, "classes": {"": {"executed_lines": [1, 3, 8], "summary": {"covered_lines": 2, "num_statements": 2, "percent_covered": 100.0, "percent_covered_display": "100", "missing_lines": 0, "excluded_lines": 0}, "missing_lines": [], "excluded_lines": []}}}, "src/pdfrebuilder/cli/__init__.py": {"executed_lines": [1, 3, 5], "summary": {"covered_lines": 2, "num_statements": 2, "percent_covered": 100.0, "percent_covered_display": "100", "missing_lines": 0, "excluded_lines": 0}, "missing_lines": [], "excluded_lines": [], "functions": {"": {"executed_lines": [1, 3, 5], "summary": {"covered_lines": 2, "num_statements": 2, "percent_covered": 100.0, "percent_covered_display": "100", "missing_lines": 0, "excluded_lines": 0}, "missing_lines": [], "excluded_lines": []}}, "classes": {"": {"executed_lines": [1, 3, 5], "summary": {"covered_lines": 2, "num_statements": 2, "percent_covered": 100.0, "percent_covered_display": "100", "missing_lines": 0, "excluded_lines": 0}, "missing_lines": [], "excluded_lines": []}}}, "src/pdfrebuilder/cli/app.py": {"executed_lines": [1, 3], "summary": {"covered_lines": 2, "num_statements": 2, "percent_covered": 100.0, "percent_covered_display": "100", "missing_lines": 0, "excluded_lines": 0}, "missing_lines": [], "excluded_lines": [], "functions": {"": {"executed_lines": [1, 3], "summary": {"covered_lines": 2, "num_statements": 2, "percent_covered": 100.0, "percent_covered_display": "100", "missing_lines": 0, "excluded_lines": 0}, "missing_lines": [], "excluded_lines": []}}, "classes": {"": {"executed_lines": [1, 3], "summary": {"covered_lines": 2, "num_statements": 2, "percent_covered": 100.0, "percent_covered_display": "100", "missing_lines": 0, "excluded_lines": 0}, "missing_lines": [], "excluded_lines": []}}}, "src/pdfrebuilder/cli/batch_modifier_cli.py": {"executed_lines": [], "summary": {"covered_lines": 0, "num_statements": 144, "percent_covered": 0.0, "percent_covered_display": "0", "missing_lines": 144, "excluded_lines": 2}, "missing_lines": [5, 6, 7, 8, 10, 11, 12, 14, 17, 19, 20, 21, 22, 23, 24, 25, 28, 30, 31, 32, 33, 34, 35, 36, 39, 41, 43, 46, 49, 50, 51, 52, 53, 54, 55, 56, 58, 59, 60, 63, 65, 66, 67, 68, 69, 72, 73, 75, 76, 77, 79, 80, 81, 82, 84, 85, 86, 89, 91, 93, 96, 99, 100, 101, 102, 103, 104, 107, 109, 111, 112, 114, 115, 116, 119, 120, 121, 122, 124, 125, 126, 129, 131, 133, 136, 139, 141, 142, 143, 144, 146, 147, 148, 149, 150, 151, 152, 153, 155, 156, 158, 159, 161, 162, 163, 166, 168, 179, 182, 183, 184, 185, 186, 187, 188, 191, 192, 193, 194, 197, 198, 200, 203, 205, 206, 209, 211, 212, 213, 215, 216, 217, 218, 219, 220, 221, 223, 224, 226, 227, 228, 229, 230, 231], "excluded_lines": [234, 235], "functions": {"load_document": {"executed_lines": [], "summary": {"covered_lines": 0, "num_statements": 7, "percent_covered": 0.0, "percent_covered_display": "0", "missing_lines": 7, "excluded_lines": 0}, "missing_lines": [19, 20, 21, 22, 23, 24, 25], "excluded_lines": []}, "save_document": {"executed_lines": [], "summary": {"covered_lines": 0, "num_statements": 7, "percent_covered": 0.0, "percent_covered_display": "0", "missing_lines": 7, "excluded_lines": 0}, "missing_lines": [30, 31, 32, 33, 34, 35, 36], "excluded_lines": []}, "cmd_replace": {"executed_lines": [], "summary": {"covered_lines": 0, "num_statements": 32, "percent_covered": 0.0, "percent_covered_display": "0", "missing_lines": 32, "excluded_lines": 0}, "missing_lines": [41, 43, 46, 49, 50, 51, 52, 53, 54, 55, 56, 58, 59, 60, 63, 65, 66, 67, 68, 69, 72, 73, 75, 76, 77, 79, 80, 81, 82, 84, 85, 86], "excluded_lines": []}, "cmd_substitute": {"executed_lines": [], "summary": {"covered_lines": 0, "num_statements": 23, "percent_covered": 0.0, "percent_covered_display": "0", "missing_lines": 23, "excluded_lines": 0}, "missing_lines": [91, 93, 96, 99, 100, 101, 102, 103, 104, 107, 109, 111, 112, 114, 115, 116, 119, 120, 121, 122, 124, 125, 126], "excluded_lines": []}, "cmd_validate": {"executed_lines": [], "summary": {"covered_lines": 0, "num_statements": 23, "percent_covered": 0.0, "percent_covered_display": "0", "missing_lines": 23, "excluded_lines": 0}, "missing_lines": [131, 133, 136, 139, 141, 142, 143, 144, 146, 147, 148, 149, 150, 151, 152, 153, 155, 156, 158, 159, 161, 162, 163], "excluded_lines": []}, "create_parser": {"executed_lines": [], "summary": {"covered_lines": 0, "num_statements": 16, "percent_covered": 0.0, "percent_covered_display": "0", "missing_lines": 16, "excluded_lines": 0}, "missing_lines": [168, 179, 182, 183, 184, 185, 186, 187, 188, 191, 192, 193, 194, 197, 198, 200], "excluded_lines": []}, "main": {"executed_lines": [], "summary": {"covered_lines": 0, "num_statements": 21, "percent_covered": 0.0, "percent_covered_display": "0", "missing_lines": 21, "excluded_lines": 0}, "missing_lines": [205, 206, 209, 211, 212, 213, 215, 216, 217, 218, 219, 220, 221, 223, 224, 226, 227, 228, 229, 230, 231], "excluded_lines": []}, "": {"executed_lines": [], "summary": {"covered_lines": 0, "num_statements": 15, "percent_covered": 0.0, "percent_covered_display": "0", "missing_lines": 15, "excluded_lines": 2}, "missing_lines": [5, 6, 7, 8, 10, 11, 12, 14, 17, 28, 39, 89, 129, 166, 203], "excluded_lines": [234, 235]}}, "classes": {"": {"executed_lines": [], "summary": {"covered_lines": 0, "num_statements": 144, "percent_covered": 0.0, "percent_covered_display": "0", "missing_lines": 144, "excluded_lines": 2}, "missing_lines": [5, 6, 7, 8, 10, 11, 12, 14, 17, 19, 20, 21, 22, 23, 24, 25, 28, 30, 31, 32, 33, 34, 35, 36, 39, 41, 43, 46, 49, 50, 51, 52, 53, 54, 55, 56, 58, 59, 60, 63, 65, 66, 67, 68, 69, 72, 73, 75, 76, 77, 79, 80, 81, 82, 84, 85, 86, 89, 91, 93, 96, 99, 100, 101, 102, 103, 104, 107, 109, 111, 112, 114, 115, 116, 119, 120, 121, 122, 124, 125, 126, 129, 131, 133, 136, 139, 141, 142, 143, 144, 146, 147, 148, 149, 150, 151, 152, 153, 155, 156, 158, 159, 161, 162, 163, 166, 168, 179, 182, 183, 184, 185, 186, 187, 188, 191, 192, 193, 194, 197, 198, 200, 203, 205, 206, 209, 211, 212, 213, 215, 216, 217, 218, 219, 220, 221, 223, 224, 226, 227, 228, 229, 230, 231], "excluded_lines": [234, 235]}}}, "src/pdfrebuilder/cli/commands/__init__.py": {"executed_lines": [], "summary": {"covered_lines": 0, "num_statements": 0, "percent_covered": 100.0, "percent_covered_display": "100", "missing_lines": 0, "excluded_lines": 0}, "missing_lines": [], "excluded_lines": [], "functions": {"": {"executed_lines": [], "summary": {"covered_lines": 0, "num_statements": 0, "percent_covered": 100.0, "percent_covered_display": "100", "missing_lines": 0, "excluded_lines": 0}, "missing_lines": [], "excluded_lines": []}}, "classes": {"": {"executed_lines": [], "summary": {"covered_lines": 0, "num_statements": 0, "percent_covered": 100.0, "percent_covered_display": "100", "missing_lines": 0, "excluded_lines": 0}, "missing_lines": [], "excluded_lines": []}}}, "src/pdfrebuilder/cli/commands/batch_modifier.py": {"executed_lines": [], "summary": {"covered_lines": 0, "num_statements": 159, "percent_covered": 0.0, "percent_covered_display": "0", "missing_lines": 159, "excluded_lines": 2}, "missing_lines": [8, 9, 10, 11, 12, 13, 15, 16, 18, 21, 23, 47, 55, 58, 59, 60, 61, 67, 68, 69, 72, 73, 74, 75, 81, 89, 90, 91, 92, 98, 105, 106, 107, 108, 114, 117, 119, 120, 121, 122, 123, 124, 125, 126, 129, 131, 132, 133, 134, 135, 136, 137, 138, 141, 143, 144, 145, 148, 150, 151, 152, 153, 156, 158, 160, 162, 163, 165, 166, 167, 168, 171, 174, 177, 178, 179, 180, 183, 186, 195, 198, 199, 200, 201, 203, 204, 205, 206, 209, 212, 215, 216, 217, 218, 221, 224, 231, 234, 235, 236, 237, 239, 240, 241, 242, 245, 248, 251, 254, 260, 261, 264, 265, 266, 267, 268, 269, 271, 272, 274, 275, 277, 278, 279, 280, 285, 288, 291, 293, 295, 297, 298, 299, 300, 302, 303, 304, 305, 306, 309, 310, 311, 314, 316, 317, 320, 322, 323, 324, 327, 328, 329, 330, 331, 332, 333, 334, 336, 337], "excluded_lines": [340, 341], "functions": {"create_batch_modifier_parser": {"executed_lines": [], "summary": {"covered_lines": 0, "num_statements": 25, "percent_covered": 0.0, "percent_covered_display": "0", "missing_lines": 25, "excluded_lines": 0}, "missing_lines": [23, 47, 55, 58, 59, 60, 61, 67, 68, 69, 72, 73, 74, 75, 81, 89, 90, 91, 92, 98, 105, 106, 107, 108, 114], "excluded_lines": []}, "parse_replacements": {"executed_lines": [], "summary": {"covered_lines": 0, "num_statements": 8, "percent_covered": 0.0, "percent_covered_display": "0", "missing_lines": 8, "excluded_lines": 0}, "missing_lines": [119, 120, 121, 122, 123, 124, 125, 126], "excluded_lines": []}, "parse_variables": {"executed_lines": [], "summary": {"covered_lines": 0, "num_statements": 8, "percent_covered": 0.0, "percent_covered_display": "0", "missing_lines": 8, "excluded_lines": 0}, "missing_lines": [131, 132, 133, 134, 135, 136, 137, 138], "excluded_lines": []}, "load_document": {"executed_lines": [], "summary": {"covered_lines": 0, "num_statements": 8, "percent_covered": 0.0, "percent_covered_display": "0", "missing_lines": 8, "excluded_lines": 0}, "missing_lines": [143, 144, 145, 148, 150, 151, 152, 153], "excluded_lines": []}, "save_document": {"executed_lines": [], "summary": {"covered_lines": 0, "num_statements": 8, "percent_covered": 0.0, "percent_covered_display": "0", "missing_lines": 8, "excluded_lines": 0}, "missing_lines": [158, 160, 162, 163, 165, 166, 167, 168], "excluded_lines": []}, "handle_replace_command": {"executed_lines": [], "summary": {"covered_lines": 0, "num_statements": 16, "percent_covered": 0.0, "percent_covered_display": "0", "missing_lines": 16, "excluded_lines": 0}, "missing_lines": [174, 177, 178, 179, 180, 183, 186, 195, 198, 199, 200, 201, 203, 204, 205, 206], "excluded_lines": []}, "handle_substitute_command": {"executed_lines": [], "summary": {"covered_lines": 0, "num_statements": 16, "percent_covered": 0.0, "percent_covered_display": "0", "missing_lines": 16, "excluded_lines": 0}, "missing_lines": [212, 215, 216, 217, 218, 221, 224, 231, 234, 235, 236, 237, 239, 240, 241, 242], "excluded_lines": []}, "handle_validate_command": {"executed_lines": [], "summary": {"covered_lines": 0, "num_statements": 19, "percent_covered": 0.0, "percent_covered_display": "0", "missing_lines": 19, "excluded_lines": 0}, "missing_lines": [248, 251, 254, 260, 261, 264, 265, 266, 267, 268, 269, 271, 272, 274, 275, 277, 278, 279, 280], "excluded_lines": []}, "handle_stats_command": {"executed_lines": [], "summary": {"covered_lines": 0, "num_statements": 16, "percent_covered": 0.0, "percent_covered_display": "0", "missing_lines": 16, "excluded_lines": 0}, "missing_lines": [288, 291, 293, 295, 297, 298, 299, 300, 302, 303, 304, 305, 306, 309, 310, 311], "excluded_lines": []}, "main": {"executed_lines": [], "summary": {"covered_lines": 0, "num_statements": 16, "percent_covered": 0.0, "percent_covered_display": "0", "missing_lines": 16, "excluded_lines": 0}, "missing_lines": [316, 317, 320, 322, 323, 324, 327, 328, 329, 330, 331, 332, 333, 334, 336, 337], "excluded_lines": []}, "": {"executed_lines": [], "summary": {"covered_lines": 0, "num_statements": 19, "percent_covered": 0.0, "percent_covered_display": "0", "missing_lines": 19, "excluded_lines": 2}, "missing_lines": [8, 9, 10, 11, 12, 13, 15, 16, 18, 21, 117, 129, 141, 156, 171, 209, 245, 285, 314], "excluded_lines": [340, 341]}}, "classes": {"": {"executed_lines": [], "summary": {"covered_lines": 0, "num_statements": 159, "percent_covered": 0.0, "percent_covered_display": "0", "missing_lines": 159, "excluded_lines": 2}, "missing_lines": [8, 9, 10, 11, 12, 13, 15, 16, 18, 21, 23, 47, 55, 58, 59, 60, 61, 67, 68, 69, 72, 73, 74, 75, 81, 89, 90, 91, 92, 98, 105, 106, 107, 108, 114, 117, 119, 120, 121, 122, 123, 124, 125, 126, 129, 131, 132, 133, 134, 135, 136, 137, 138, 141, 143, 144, 145, 148, 150, 151, 152, 153, 156, 158, 160, 162, 163, 165, 166, 167, 168, 171, 174, 177, 178, 179, 180, 183, 186, 195, 198, 199, 200, 201, 203, 204, 205, 206, 209, 212, 215, 216, 217, 218, 221, 224, 231, 234, 235, 236, 237, 239, 240, 241, 242, 245, 248, 251, 254, 260, 261, 264, 265, 266, 267, 268, 269, 271, 272, 274, 275, 277, 278, 279, 280, 285, 288, 291, 293, 295, 297, 298, 299, 300, 302, 303, 304, 305, 306, 309, 310, 311, 314, 316, 317, 320, 322, 323, 324, 327, 328, 329, 330, 331, 332, 333, 334, 336, 337], "excluded_lines": [340, 341]}}}, "src/pdfrebuilder/cli/commands/reportlab_cli.py": {"executed_lines": [], "summary": {"covered_lines": 0, "num_statements": 112, "percent_covered": 0.0, "percent_covered_display": "0", "missing_lines": 112, "excluded_lines": 2}, "missing_lines": [5, 6, 7, 8, 10, 11, 25, 28, 31, 59, 72, 80, 85, 88, 90, 92, 94, 97, 98, 101, 102, 104, 105, 106, 107, 109, 110, 113, 115, 117, 118, 121, 123, 124, 125, 126, 127, 128, 129, 130, 132, 133, 136, 138, 140, 142, 145, 148, 149, 151, 154, 155, 156, 157, 159, 160, 163, 165, 167, 168, 169, 171, 172, 173, 175, 176, 177, 178, 180, 181, 182, 183, 185, 186, 187, 188, 190, 192, 193, 196, 198, 210, 213, 216, 219, 220, 228, 230, 233, 235, 236, 239, 241, 242, 243, 245, 246, 247, 248, 249, 250, 251, 252, 253, 255, 256, 258, 259, 260, 261, 262, 263], "excluded_lines": [266, 267], "functions": {"create_test_document": {"executed_lines": [], "summary": {"covered_lines": 0, "num_statements": 5, "percent_covered": 0.0, "percent_covered_display": "0", "missing_lines": 5, "excluded_lines": 0}, "missing_lines": [31, 59, 72, 80, 85], "excluded_lines": []}, "run_engine_info": {"executed_lines": [], "summary": {"covered_lines": 0, "num_statements": 13, "percent_covered": 0.0, "percent_covered_display": "0", "missing_lines": 13, "excluded_lines": 0}, "missing_lines": [90, 92, 94, 97, 98, 101, 102, 104, 105, 106, 107, 109, 110], "excluded_lines": []}, "run_font_validation": {"executed_lines": [], "summary": {"covered_lines": 0, "num_statements": 14, "percent_covered": 0.0, "percent_covered_display": "0", "missing_lines": 14, "excluded_lines": 0}, "missing_lines": [115, 117, 118, 121, 123, 124, 125, 126, 127, 128, 129, 130, 132, 133], "excluded_lines": []}, "run_pdf_generation": {"executed_lines": [], "summary": {"covered_lines": 0, "num_statements": 13, "percent_covered": 0.0, "percent_covered_display": "0", "missing_lines": 13, "excluded_lines": 0}, "missing_lines": [138, 140, 142, 145, 148, 149, 151, 154, 155, 156, 157, 159, 160], "excluded_lines": []}, "run_engine_comparison": {"executed_lines": [], "summary": {"covered_lines": 0, "num_statements": 22, "percent_covered": 0.0, "percent_covered_display": "0", "missing_lines": 22, "excluded_lines": 0}, "missing_lines": [165, 167, 168, 169, 171, 172, 173, 175, 176, 177, 178, 180, 181, 182, 183, 185, 186, 187, 188, 190, 192, 193], "excluded_lines": []}, "create_parser": {"executed_lines": [], "summary": {"covered_lines": 0, "num_statements": 8, "percent_covered": 0.0, "percent_covered_display": "0", "missing_lines": 8, "excluded_lines": 0}, "missing_lines": [198, 210, 213, 216, 219, 220, 228, 230], "excluded_lines": []}, "main": {"executed_lines": [], "summary": {"covered_lines": 0, "num_statements": 23, "percent_covered": 0.0, "percent_covered_display": "0", "missing_lines": 23, "excluded_lines": 0}, "missing_lines": [235, 236, 239, 241, 242, 243, 245, 246, 247, 248, 249, 250, 251, 252, 253, 255, 256, 258, 259, 260, 261, 262, 263], "excluded_lines": []}, "": {"executed_lines": [], "summary": {"covered_lines": 0, "num_statements": 14, "percent_covered": 0.0, "percent_covered_display": "0", "missing_lines": 14, "excluded_lines": 2}, "missing_lines": [5, 6, 7, 8, 10, 11, 25, 28, 88, 113, 136, 163, 196, 233], "excluded_lines": [266, 267]}}, "classes": {"": {"executed_lines": [], "summary": {"covered_lines": 0, "num_statements": 112, "percent_covered": 0.0, "percent_covered_display": "0", "missing_lines": 112, "excluded_lines": 2}, "missing_lines": [5, 6, 7, 8, 10, 11, 25, 28, 31, 59, 72, 80, 85, 88, 90, 92, 94, 97, 98, 101, 102, 104, 105, 106, 107, 109, 110, 113, 115, 117, 118, 121, 123, 124, 125, 126, 127, 128, 129, 130, 132, 133, 136, 138, 140, 142, 145, 148, 149, 151, 154, 155, 156, 157, 159, 160, 163, 165, 167, 168, 169, 171, 172, 173, 175, 176, 177, 178, 180, 181, 182, 183, 185, 186, 187, 188, 190, 192, 193, 196, 198, 210, 213, 216, 219, 220, 228, 230, 233, 235, 236, 239, 241, 242, 243, 245, 246, 247, 248, 249, 250, 251, 252, 253, 255, 256, 258, 259, 260, 261, 262, 263], "excluded_lines": [266, 267]}}}, "src/pdfrebuilder/cli/main.py": {"executed_lines": [1, 2, 3, 4, 6, 8, 9, 12, 13, 15, 16, 22, 26, 31, 32, 40, 41, 46, 47, 48, 49, 51, 60, 61, 64, 115, 135, 158, 170, 171, 185, 194, 198, 199, 239, 240, 266, 267, 287, 288, 304, 305, 313, 315, 316, 319], "summary": {"covered_lines": 45, "num_statements": 147, "percent_covered": 30.612244897959183, "percent_covered_display": "31", "missing_lines": 102, "excluded_lines": 12}, "missing_lines": [27, 28, 29, 43, 66, 68, 70, 83, 84, 86, 88, 90, 93, 95, 96, 97, 98, 100, 102, 103, 104, 106, 107, 108, 110, 112, 116, 117, 119, 120, 121, 123, 124, 130, 131, 132, 136, 137, 139, 140, 141, 142, 144, 145, 147, 148, 149, 151, 152, 154, 155, 159, 161, 162, 163, 165, 166, 167, 195, 213, 214, 215, 216, 217, 218, 219, 220, 221, 222, 223, 225, 226, 227, 228, 229, 231, 233, 234, 235, 236, 253, 254, 255, 256, 257, 258, 259, 260, 262, 263, 277, 278, 279, 280, 281, 283, 284, 296, 297, 298, 300, 301], "excluded_lines": [17, 18, 19, 52, 53, 54, 56, 57, 58, 59, 319, 320], "functions": {"console_print": {"executed_lines": [26, 31, 32, 40, 41], "summary": {"covered_lines": 5, "num_statements": 9, "percent_covered": 55.55555555555556, "percent_covered_display": "56", "missing_lines": 4, "excluded_lines": 0}, "missing_lines": [27, 28, 29, 43], "excluded_lines": []}, "_version_callback": {"executed_lines": [47, 48, 49, 51, 60, 61], "summary": {"covered_lines": 6, "num_statements": 6, "percent_covered": 100.0, "percent_covered_display": "100", "missing_lines": 0, "excluded_lines": 7}, "missing_lines": [], "excluded_lines": [52, 53, 54, 56, 57, 58, 59]}, "_setup_environment": {"executed_lines": [], "summary": {"covered_lines": 0, "num_statements": 22, "percent_covered": 0.0, "percent_covered_display": "0", "missing_lines": 22, "excluded_lines": 0}, "missing_lines": [66, 68, 70, 83, 84, 86, 88, 90, 93, 95, 96, 97, 98, 100, 102, 103, 104, 106, 107, 108, 110, 112], "excluded_lines": []}, "_run_extract": {"executed_lines": [], "summary": {"covered_lines": 0, "num_statements": 10, "percent_covered": 0.0, "percent_covered_display": "0", "missing_lines": 10, "excluded_lines": 0}, "missing_lines": [116, 117, 119, 120, 121, 123, 124, 130, 131, 132], "excluded_lines": []}, "_run_generate": {"executed_lines": [], "summary": {"covered_lines": 0, "num_statements": 15, "percent_covered": 0.0, "percent_covered_display": "0", "missing_lines": 15, "excluded_lines": 0}, "missing_lines": [136, 137, 139, 140, 141, 142, 144, 145, 147, 148, 149, 151, 152, 154, 155], "excluded_lines": []}, "_run_debug": {"executed_lines": [], "summary": {"covered_lines": 0, "num_statements": 7, "percent_covered": 0.0, "percent_covered_display": "0", "missing_lines": 7, "excluded_lines": 0}, "missing_lines": [159, 161, 162, 163, 165, 166, 167], "excluded_lines": []}, "main": {"executed_lines": [185, 194], "summary": {"covered_lines": 2, "num_statements": 3, "percent_covered": 66.66666666666667, "percent_covered_display": "67", "missing_lines": 1, "excluded_lines": 0}, "missing_lines": [195], "excluded_lines": []}, "full": {"executed_lines": [], "summary": {"covered_lines": 0, "num_statements": 21, "percent_covered": 0.0, "percent_covered_display": "0", "missing_lines": 21, "excluded_lines": 0}, "missing_lines": [213, 214, 215, 216, 217, 218, 219, 220, 221, 222, 223, 225, 226, 227, 228, 229, 231, 233, 234, 235, 236], "excluded_lines": []}, "extract": {"executed_lines": [], "summary": {"covered_lines": 0, "num_statements": 10, "percent_covered": 0.0, "percent_covered_display": "0", "missing_lines": 10, "excluded_lines": 0}, "missing_lines": [253, 254, 255, 256, 257, 258, 259, 260, 262, 263], "excluded_lines": []}, "generate": {"executed_lines": [], "summary": {"covered_lines": 0, "num_statements": 7, "percent_covered": 0.0, "percent_covered_display": "0", "missing_lines": 7, "excluded_lines": 0}, "missing_lines": [277, 278, 279, 280, 281, 283, 284], "excluded_lines": []}, "debug": {"executed_lines": [], "summary": {"covered_lines": 0, "num_statements": 5, "percent_covered": 0.0, "percent_covered_display": "0", "missing_lines": 5, "excluded_lines": 0}, "missing_lines": [296, 297, 298, 300, 301], "excluded_lines": []}, "download_fonts": {"executed_lines": [313, 315, 316], "summary": {"covered_lines": 3, "num_statements": 3, "percent_covered": 100.0, "percent_covered_display": "100", "missing_lines": 0, "excluded_lines": 0}, "missing_lines": [], "excluded_lines": []}, "": {"executed_lines": [1, 2, 3, 4, 6, 8, 9, 12, 13, 15, 16, 22, 46, 64, 115, 135, 158, 170, 171, 198, 199, 239, 240, 266, 267, 287, 288, 304, 305, 319], "summary": {"covered_lines": 29, "num_statements": 29, "percent_covered": 100.0, "percent_covered_display": "100", "missing_lines": 0, "excluded_lines": 5}, "missing_lines": [], "excluded_lines": [17, 18, 19, 319, 320]}}, "classes": {"": {"executed_lines": [1, 2, 3, 4, 6, 8, 9, 12, 13, 15, 16, 22, 26, 31, 32, 40, 41, 46, 47, 48, 49, 51, 60, 61, 64, 115, 135, 158, 170, 171, 185, 194, 198, 199, 239, 240, 266, 267, 287, 288, 304, 305, 313, 315, 316, 319], "summary": {"covered_lines": 45, "num_statements": 147, "percent_covered": 30.612244897959183, "percent_covered_display": "31", "missing_lines": 102, "excluded_lines": 12}, "missing_lines": [27, 28, 29, 43, 66, 68, 70, 83, 84, 86, 88, 90, 93, 95, 96, 97, 98, 100, 102, 103, 104, 106, 107, 108, 110, 112, 116, 117, 119, 120, 121, 123, 124, 130, 131, 132, 136, 137, 139, 140, 141, 142, 144, 145, 147, 148, 149, 151, 152, 154, 155, 159, 161, 162, 163, 165, 166, 167, 195, 213, 214, 215, 216, 217, 218, 219, 220, 221, 222, 223, 225, 226, 227, 228, 229, 231, 233, 234, 235, 236, 253, 254, 255, 256, 257, 258, 259, 260, 262, 263, 277, 278, 279, 280, 281, 283, 284, 296, 297, 298, 300, 301], "excluded_lines": [17, 18, 19, 52, 53, 54, 56, 57, 58, 59, 319, 320]}}}, "src/pdfrebuilder/config/__init__.py": {"executed_lines": [1, 3], "summary": {"covered_lines": 1, "num_statements": 1, "percent_covered": 100.0, "percent_covered_display": "100", "missing_lines": 0, "excluded_lines": 0}, "missing_lines": [], "excluded_lines": [], "functions": {"": {"executed_lines": [1, 3], "summary": {"covered_lines": 1, "num_statements": 1, "percent_covered": 100.0, "percent_covered_display": "100", "missing_lines": 0, "excluded_lines": 0}, "missing_lines": [], "excluded_lines": []}}, "classes": {"": {"executed_lines": [1, 3], "summary": {"covered_lines": 1, "num_statements": 1, "percent_covered": 100.0, "percent_covered_display": "100", "missing_lines": 0, "excluded_lines": 0}, "missing_lines": [], "excluded_lines": []}}}, "src/pdfrebuilder/config/manager.py": {"executed_lines": [], "summary": {"covered_lines": 0, "num_statements": 169, "percent_covered": 0.0, "percent_covered_display": "0", "missing_lines": 169, "excluded_lines": 4}, "missing_lines": [3, 4, 5, 6, 7, 9, 11, 14, 17, 24, 25, 28, 29, 30, 33, 34, 35, 38, 40, 41, 43, 45, 46, 48, 50, 51, 53, 55, 56, 58, 60, 62, 67, 68, 69, 72, 73, 74, 77, 78, 79, 80, 85, 86, 87, 88, 89, 90, 92, 95, 100, 101, 102, 104, 106, 108, 115, 116, 117, 119, 121, 123, 124, 125, 126, 127, 128, 129, 132, 133, 134, 135, 138, 139, 140, 142, 143, 145, 147, 148, 150, 151, 154, 155, 157, 158, 165, 167, 170, 171, 173, 174, 175, 176, 177, 178, 179, 181, 184, 185, 186, 187, 188, 190, 192, 194, 196, 197, 199, 201, 202, 204, 206, 208, 351, 353, 354, 356, 357, 358, 360, 362, 364, 365, 366, 367, 368, 370, 385, 386, 389, 392, 393, 394, 397, 398, 399, 402, 403, 404, 405, 408, 409, 412, 413, 414, 415, 416, 417, 419, 421, 423, 424, 426, 428, 429, 430, 431, 432, 434, 436, 439, 440, 441, 442, 443, 444, 445, 447], "excluded_lines": [159, 161, 162, 163], "functions": {"ConfigManager.__init__": {"executed_lines": [], "summary": {"covered_lines": 0, "num_statements": 9, "percent_covered": 0.0, "percent_covered_display": "0", "missing_lines": 9, "excluded_lines": 0}, "missing_lines": [24, 25, 28, 29, 30, 33, 34, 35, 38], "excluded_lines": []}, "ConfigManager.config_dir": {"executed_lines": [], "summary": {"covered_lines": 0, "num_statements": 1, "percent_covered": 0.0, "percent_covered_display": "0", "missing_lines": 1, "excluded_lines": 0}, "missing_lines": [43], "excluded_lines": []}, "ConfigManager.data_dir": {"executed_lines": [], "summary": {"covered_lines": 0, "num_statements": 1, "percent_covered": 0.0, "percent_covered_display": "0", "missing_lines": 1, "excluded_lines": 0}, "missing_lines": [48], "excluded_lines": []}, "ConfigManager.cache_dir": {"executed_lines": [], "summary": {"covered_lines": 0, "num_statements": 1, "percent_covered": 0.0, "percent_covered_display": "0", "missing_lines": 1, "excluded_lines": 0}, "missing_lines": [53], "excluded_lines": []}, "ConfigManager.config": {"executed_lines": [], "summary": {"covered_lines": 0, "num_statements": 1, "percent_covered": 0.0, "percent_covered_display": "0", "missing_lines": 1, "excluded_lines": 0}, "missing_lines": [58], "excluded_lines": []}, "ConfigManager._load_config": {"executed_lines": [], "summary": {"covered_lines": 0, "num_statements": 17, "percent_covered": 0.0, "percent_covered_display": "0", "missing_lines": 17, "excluded_lines": 0}, "missing_lines": [62, 67, 68, 69, 72, 73, 74, 77, 78, 79, 80, 85, 86, 87, 88, 89, 90], "excluded_lines": []}, "ConfigManager._load_system_config": {"executed_lines": [], "summary": {"covered_lines": 0, "num_statements": 5, "percent_covered": 0.0, "percent_covered_display": "0", "missing_lines": 5, "excluded_lines": 0}, "missing_lines": [95, 100, 101, 102, 104], "excluded_lines": []}, "ConfigManager._load_user_config": {"executed_lines": [], "summary": {"covered_lines": 0, "num_statements": 5, "percent_covered": 0.0, "percent_covered_display": "0", "missing_lines": 5, "excluded_lines": 0}, "missing_lines": [108, 115, 116, 117, 119], "excluded_lines": []}, "ConfigManager._load_config_file": {"executed_lines": [], "summary": {"covered_lines": 0, "num_statements": 16, "percent_covered": 0.0, "percent_covered_display": "0", "missing_lines": 16, "excluded_lines": 0}, "missing_lines": [123, 124, 125, 126, 127, 128, 129, 132, 133, 134, 135, 138, 139, 140, 142, 143], "excluded_lines": []}, "ConfigManager.save_user_config": {"executed_lines": [], "summary": {"covered_lines": 0, "num_statements": 8, "percent_covered": 0.0, "percent_covered_display": "0", "missing_lines": 8, "excluded_lines": 4}, "missing_lines": [147, 148, 150, 151, 154, 155, 157, 158], "excluded_lines": [159, 161, 162, 163]}, "ConfigManager.update_config": {"executed_lines": [], "summary": {"covered_lines": 0, "num_statements": 16, "percent_covered": 0.0, "percent_covered_display": "0", "missing_lines": 16, "excluded_lines": 0}, "missing_lines": [167, 170, 171, 173, 174, 175, 176, 177, 178, 179, 181, 184, 185, 186, 187, 188], "excluded_lines": []}, "ConfigManager.get_effective_config": {"executed_lines": [], "summary": {"covered_lines": 0, "num_statements": 1, "percent_covered": 0.0, "percent_covered_display": "0", "missing_lines": 1, "excluded_lines": 0}, "missing_lines": [192], "excluded_lines": []}, "ConfigManager.generate_sample_config": {"executed_lines": [], "summary": {"covered_lines": 0, "num_statements": 6, "percent_covered": 0.0, "percent_covered_display": "0", "missing_lines": 6, "excluded_lines": 0}, "missing_lines": [196, 197, 199, 201, 202, 204], "excluded_lines": []}, "ConfigManager._generate_sample_config_content": {"executed_lines": [], "summary": {"covered_lines": 0, "num_statements": 1, "percent_covered": 0.0, "percent_covered_display": "0", "missing_lines": 1, "excluded_lines": 0}, "missing_lines": [208], "excluded_lines": []}, "ConfigManager.get_environment_variables": {"executed_lines": [], "summary": {"covered_lines": 0, "num_statements": 6, "percent_covered": 0.0, "percent_covered_display": "0", "missing_lines": 6, "excluded_lines": 0}, "missing_lines": [353, 354, 356, 357, 358, 360], "excluded_lines": []}, "ConfigManager.validate_current_config": {"executed_lines": [], "summary": {"covered_lines": 0, "num_statements": 5, "percent_covered": 0.0, "percent_covered_display": "0", "missing_lines": 5, "excluded_lines": 0}, "missing_lines": [364, 365, 366, 367, 368], "excluded_lines": []}, "ConfigManager.load_config": {"executed_lines": [], "summary": {"covered_lines": 0, "num_statements": 21, "percent_covered": 0.0, "percent_covered_display": "0", "missing_lines": 21, "excluded_lines": 0}, "missing_lines": [385, 386, 389, 392, 393, 394, 397, 398, 399, 402, 403, 404, 405, 408, 409, 412, 413, 414, 415, 416, 417], "excluded_lines": []}, "ConfigManager.show_config": {"executed_lines": [], "summary": {"covered_lines": 0, "num_statements": 13, "percent_covered": 0.0, "percent_covered_display": "0", "missing_lines": 13, "excluded_lines": 0}, "missing_lines": [421, 423, 424, 426, 436, 439, 440, 441, 442, 443, 444, 445, 447], "excluded_lines": []}, "ConfigManager.show_config.format_section": {"executed_lines": [], "summary": {"covered_lines": 0, "num_statements": 6, "percent_covered": 0.0, "percent_covered_display": "0", "missing_lines": 6, "excluded_lines": 0}, "missing_lines": [428, 429, 430, 431, 432, 434], "excluded_lines": []}, "": {"executed_lines": [], "summary": {"covered_lines": 0, "num_statements": 30, "percent_covered": 0.0, "percent_covered_display": "0", "missing_lines": 30, "excluded_lines": 0}, "missing_lines": [3, 4, 5, 6, 7, 9, 11, 14, 17, 40, 41, 45, 46, 50, 51, 55, 56, 60, 92, 106, 121, 145, 165, 190, 194, 206, 351, 362, 370, 419], "excluded_lines": []}}, "classes": {"ConfigManager": {"executed_lines": [], "summary": {"covered_lines": 0, "num_statements": 139, "percent_covered": 0.0, "percent_covered_display": "0", "missing_lines": 139, "excluded_lines": 4}, "missing_lines": [24, 25, 28, 29, 30, 33, 34, 35, 38, 43, 48, 53, 58, 62, 67, 68, 69, 72, 73, 74, 77, 78, 79, 80, 85, 86, 87, 88, 89, 90, 95, 100, 101, 102, 104, 108, 115, 116, 117, 119, 123, 124, 125, 126, 127, 128, 129, 132, 133, 134, 135, 138, 139, 140, 142, 143, 147, 148, 150, 151, 154, 155, 157, 158, 167, 170, 171, 173, 174, 175, 176, 177, 178, 179, 181, 184, 185, 186, 187, 188, 192, 196, 197, 199, 201, 202, 204, 208, 353, 354, 356, 357, 358, 360, 364, 365, 366, 367, 368, 385, 386, 389, 392, 393, 394, 397, 398, 399, 402, 403, 404, 405, 408, 409, 412, 413, 414, 415, 416, 417, 421, 423, 424, 426, 428, 429, 430, 431, 432, 434, 436, 439, 440, 441, 442, 443, 444, 445, 447], "excluded_lines": [159, 161, 162, 163]}, "": {"executed_lines": [], "summary": {"covered_lines": 0, "num_statements": 30, "percent_covered": 0.0, "percent_covered_display": "0", "missing_lines": 30, "excluded_lines": 0}, "missing_lines": [3, 4, 5, 6, 7, 9, 11, 14, 17, 40, 41, 45, 46, 50, 51, 55, 56, 60, 92, 106, 121, 145, 165, 190, 194, 206, 351, 362, 370, 419], "excluded_lines": []}}}, "src/pdfrebuilder/config/models.py": {"executed_lines": [], "summary": {"covered_lines": 0, "num_statements": 141, "percent_covered": 0.0, "percent_covered_display": "0", "missing_lines": 141, "excluded_lines": 0}, "missing_lines": [3, 4, 6, 9, 12, 13, 14, 15, 16, 19, 22, 23, 24, 25, 26, 29, 32, 33, 34, 35, 36, 37, 38, 39, 41, 42, 45, 48, 49, 50, 51, 52, 53, 54, 56, 57, 60, 63, 64, 65, 66, 67, 68, 69, 70, 72, 73, 76, 79, 80, 81, 82, 83, 84, 85, 86, 87, 88, 90, 91, 94, 97, 98, 99, 100, 101, 102, 104, 105, 108, 111, 112, 113, 114, 115, 116, 118, 119, 122, 125, 126, 127, 128, 129, 130, 133, 134, 135, 138, 139, 140, 142, 143, 144, 146, 147, 149, 150, 151, 152, 154, 155, 157, 158, 159, 160, 163, 167, 170, 171, 174, 175, 176, 177, 178, 181, 182, 183, 184, 185, 188, 190, 191, 193, 195, 204, 205, 206, 207, 208, 209, 210, 211, 212, 213, 214, 215, 218, 219, 220, 221], "excluded_lines": [], "functions": {"PDFRebuilderConfig.validate_environment": {"executed_lines": [], "summary": {"covered_lines": 0, "num_statements": 4, "percent_covered": 0.0, "percent_covered_display": "0", "missing_lines": 4, "excluded_lines": 0}, "missing_lines": [149, 150, 151, 152], "excluded_lines": []}, "PDFRebuilderConfig.set_debug_defaults": {"executed_lines": [], "summary": {"covered_lines": 0, "num_statements": 4, "percent_covered": 0.0, "percent_covered_display": "0", "missing_lines": 4, "excluded_lines": 0}, "missing_lines": [157, 158, 159, 160], "excluded_lines": []}, "validate_config": {"executed_lines": [], "summary": {"covered_lines": 0, "num_statements": 12, "percent_covered": 0.0, "percent_covered_display": "0", "missing_lines": 12, "excluded_lines": 0}, "missing_lines": [170, 171, 174, 175, 176, 177, 178, 181, 182, 183, 184, 185], "excluded_lines": []}, "_parse_size": {"executed_lines": [], "summary": {"covered_lines": 0, "num_statements": 20, "percent_covered": 0.0, "percent_covered_display": "0", "missing_lines": 20, "excluded_lines": 0}, "missing_lines": [190, 191, 193, 195, 204, 205, 206, 207, 208, 209, 210, 211, 212, 213, 214, 215, 218, 219, 220, 221], "excluded_lines": []}, "": {"executed_lines": [], "summary": {"covered_lines": 0, "num_statements": 101, "percent_covered": 0.0, "percent_covered_display": "0", "missing_lines": 101, "excluded_lines": 0}, "missing_lines": [3, 4, 6, 9, 12, 13, 14, 15, 16, 19, 22, 23, 24, 25, 26, 29, 32, 33, 34, 35, 36, 37, 38, 39, 41, 42, 45, 48, 49, 50, 51, 52, 53, 54, 56, 57, 60, 63, 64, 65, 66, 67, 68, 69, 70, 72, 73, 76, 79, 80, 81, 82, 83, 84, 85, 86, 87, 88, 90, 91, 94, 97, 98, 99, 100, 101, 102, 104, 105, 108, 111, 112, 113, 114, 115, 116, 118, 119, 122, 125, 126, 127, 128, 129, 130, 133, 134, 135, 138, 139, 140, 142, 143, 144, 146, 147, 154, 155, 163, 167, 188], "excluded_lines": []}}, "classes": {"LogLevel": {"executed_lines": [], "summary": {"covered_lines": 0, "num_statements": 0, "percent_covered": 100.0, "percent_covered_display": "100", "missing_lines": 0, "excluded_lines": 0}, "missing_lines": [], "excluded_lines": []}, "EngineType": {"executed_lines": [], "summary": {"covered_lines": 0, "num_statements": 0, "percent_covered": 100.0, "percent_covered_display": "100", "missing_lines": 0, "excluded_lines": 0}, "missing_lines": [], "excluded_lines": []}, "ExtractionConfig": {"executed_lines": [], "summary": {"covered_lines": 0, "num_statements": 0, "percent_covered": 100.0, "percent_covered_display": "100", "missing_lines": 0, "excluded_lines": 0}, "missing_lines": [], "excluded_lines": []}, "ExtractionConfig.Config": {"executed_lines": [], "summary": {"covered_lines": 0, "num_statements": 0, "percent_covered": 100.0, "percent_covered_display": "100", "missing_lines": 0, "excluded_lines": 0}, "missing_lines": [], "excluded_lines": []}, "RebuildConfig": {"executed_lines": [], "summary": {"covered_lines": 0, "num_statements": 0, "percent_covered": 100.0, "percent_covered_display": "100", "missing_lines": 0, "excluded_lines": 0}, "missing_lines": [], "excluded_lines": []}, "RebuildConfig.Config": {"executed_lines": [], "summary": {"covered_lines": 0, "num_statements": 0, "percent_covered": 100.0, "percent_covered_display": "100", "missing_lines": 0, "excluded_lines": 0}, "missing_lines": [], "excluded_lines": []}, "LoggingConfig": {"executed_lines": [], "summary": {"covered_lines": 0, "num_statements": 0, "percent_covered": 100.0, "percent_covered_display": "100", "missing_lines": 0, "excluded_lines": 0}, "missing_lines": [], "excluded_lines": []}, "LoggingConfig.Config": {"executed_lines": [], "summary": {"covered_lines": 0, "num_statements": 0, "percent_covered": 100.0, "percent_covered_display": "100", "missing_lines": 0, "excluded_lines": 0}, "missing_lines": [], "excluded_lines": []}, "PathConfig": {"executed_lines": [], "summary": {"covered_lines": 0, "num_statements": 0, "percent_covered": 100.0, "percent_covered_display": "100", "missing_lines": 0, "excluded_lines": 0}, "missing_lines": [], "excluded_lines": []}, "PathConfig.Config": {"executed_lines": [], "summary": {"covered_lines": 0, "num_statements": 0, "percent_covered": 100.0, "percent_covered_display": "100", "missing_lines": 0, "excluded_lines": 0}, "missing_lines": [], "excluded_lines": []}, "SecurityConfig": {"executed_lines": [], "summary": {"covered_lines": 0, "num_statements": 0, "percent_covered": 100.0, "percent_covered_display": "100", "missing_lines": 0, "excluded_lines": 0}, "missing_lines": [], "excluded_lines": []}, "SecurityConfig.Config": {"executed_lines": [], "summary": {"covered_lines": 0, "num_statements": 0, "percent_covered": 100.0, "percent_covered_display": "100", "missing_lines": 0, "excluded_lines": 0}, "missing_lines": [], "excluded_lines": []}, "PerformanceConfig": {"executed_lines": [], "summary": {"covered_lines": 0, "num_statements": 0, "percent_covered": 100.0, "percent_covered_display": "100", "missing_lines": 0, "excluded_lines": 0}, "missing_lines": [], "excluded_lines": []}, "PerformanceConfig.Config": {"executed_lines": [], "summary": {"covered_lines": 0, "num_statements": 0, "percent_covered": 100.0, "percent_covered_display": "100", "missing_lines": 0, "excluded_lines": 0}, "missing_lines": [], "excluded_lines": []}, "PDFRebuilderConfig": {"executed_lines": [], "summary": {"covered_lines": 0, "num_statements": 8, "percent_covered": 0.0, "percent_covered_display": "0", "missing_lines": 8, "excluded_lines": 0}, "missing_lines": [149, 150, 151, 152, 157, 158, 159, 160], "excluded_lines": []}, "PDFRebuilderConfig.Config": {"executed_lines": [], "summary": {"covered_lines": 0, "num_statements": 0, "percent_covered": 100.0, "percent_covered_display": "100", "missing_lines": 0, "excluded_lines": 0}, "missing_lines": [], "excluded_lines": []}, "ConfigValidationError": {"executed_lines": [], "summary": {"covered_lines": 0, "num_statements": 0, "percent_covered": 100.0, "percent_covered_display": "100", "missing_lines": 0, "excluded_lines": 0}, "missing_lines": [], "excluded_lines": []}, "": {"executed_lines": [], "summary": {"covered_lines": 0, "num_statements": 133, "percent_covered": 0.0, "percent_covered_display": "0", "missing_lines": 133, "excluded_lines": 0}, "missing_lines": [3, 4, 6, 9, 12, 13, 14, 15, 16, 19, 22, 23, 24, 25, 26, 29, 32, 33, 34, 35, 36, 37, 38, 39, 41, 42, 45, 48, 49, 50, 51, 52, 53, 54, 56, 57, 60, 63, 64, 65, 66, 67, 68, 69, 70, 72, 73, 76, 79, 80, 81, 82, 83, 84, 85, 86, 87, 88, 90, 91, 94, 97, 98, 99, 100, 101, 102, 104, 105, 108, 111, 112, 113, 114, 115, 116, 118, 119, 122, 125, 126, 127, 128, 129, 130, 133, 134, 135, 138, 139, 140, 142, 143, 144, 146, 147, 154, 155, 163, 167, 170, 171, 174, 175, 176, 177, 178, 181, 182, 183, 184, 185, 188, 190, 191, 193, 195, 204, 205, 206, 207, 208, 209, 210, 211, 212, 213, 214, 215, 218, 219, 220, 221], "excluded_lines": []}}}, "src/pdfrebuilder/config_models.py": {"executed_lines": [1, 4, 5, 6, 7, 8, 9, 10, 11, 12, 13, 14, 15, 16, 17, 18, 19, 20, 21, 24, 25, 26, 27, 28, 31, 32, 33, 34, 35, 38, 39, 40, 41, 42, 45, 46, 47, 48, 49, 50, 53, 54, 55, 56, 57, 60, 61, 62, 63, 64, 67, 68, 69, 72, 73, 74, 75, 76, 77, 78, 79, 82, 83, 84, 85, 86, 87, 88, 89, 92, 93, 94, 95, 96, 97, 98, 99, 102, 103, 104, 105, 106, 107, 108, 109, 110, 111, 112, 113, 114, 115, 116, 117, 120, 121, 122, 123, 124, 127, 128, 129, 130, 131, 132, 133, 134, 135, 136, 137, 138, 139, 140, 143, 144, 145, 146, 147, 148, 149, 152, 153, 154, 155, 156, 157, 158], "summary": {"covered_lines": 126, "num_statements": 126, "percent_covered": 100.0, "percent_covered_display": "100", "missing_lines": 0, "excluded_lines": 0}, "missing_lines": [], "excluded_lines": [], "functions": {"": {"executed_lines": [1, 4, 5, 6, 7, 8, 9, 10, 11, 12, 13, 14, 15, 16, 17, 18, 19, 20, 21, 24, 25, 26, 27, 28, 31, 32, 33, 34, 35, 38, 39, 40, 41, 42, 45, 46, 47, 48, 49, 50, 53, 54, 55, 56, 57, 60, 61, 62, 63, 64, 67, 68, 69, 72, 73, 74, 75, 76, 77, 78, 79, 82, 83, 84, 85, 86, 87, 88, 89, 92, 93, 94, 95, 96, 97, 98, 99, 102, 103, 104, 105, 106, 107, 108, 109, 110, 111, 112, 113, 114, 115, 116, 117, 120, 121, 122, 123, 124, 127, 128, 129, 130, 131, 132, 133, 134, 135, 136, 137, 138, 139, 140, 143, 144, 145, 146, 147, 148, 149, 152, 153, 154, 155, 156, 157, 158], "summary": {"covered_lines": 126, "num_statements": 126, "percent_covered": 100.0, "percent_covered_display": "100", "missing_lines": 0, "excluded_lines": 0}, "missing_lines": [], "excluded_lines": []}}, "classes": {"WandConfig": {"executed_lines": [], "summary": {"covered_lines": 0, "num_statements": 0, "percent_covered": 100.0, "percent_covered_display": "100", "missing_lines": 0, "excluded_lines": 0}, "missing_lines": [], "excluded_lines": []}, "PsdToolsConfig": {"executed_lines": [], "summary": {"covered_lines": 0, "num_statements": 0, "percent_covered": 100.0, "percent_covered_display": "100", "missing_lines": 0, "excluded_lines": 0}, "missing_lines": [], "excluded_lines": []}, "FitzConfig": {"executed_lines": [], "summary": {"covered_lines": 0, "num_statements": 0, "percent_covered": 100.0, "percent_covered_display": "100", "missing_lines": 0, "excluded_lines": 0}, "missing_lines": [], "excluded_lines": []}, "InputEnginesConfig": {"executed_lines": [], "summary": {"covered_lines": 0, "num_statements": 0, "percent_covered": 100.0, "percent_covered_display": "100", "missing_lines": 0, "excluded_lines": 0}, "missing_lines": [], "excluded_lines": []}, "ReportLabConfig": {"executed_lines": [], "summary": {"covered_lines": 0, "num_statements": 0, "percent_covered": 100.0, "percent_covered_display": "100", "missing_lines": 0, "excluded_lines": 0}, "missing_lines": [], "excluded_lines": []}, "PyMuPDFConfig": {"executed_lines": [], "summary": {"covered_lines": 0, "num_statements": 0, "percent_covered": 100.0, "percent_covered_display": "100", "missing_lines": 0, "excluded_lines": 0}, "missing_lines": [], "excluded_lines": []}, "OutputEnginesConfig": {"executed_lines": [], "summary": {"covered_lines": 0, "num_statements": 0, "percent_covered": 100.0, "percent_covered_display": "100", "missing_lines": 0, "excluded_lines": 0}, "missing_lines": [], "excluded_lines": []}, "EnginesConfig": {"executed_lines": [], "summary": {"covered_lines": 0, "num_statements": 0, "percent_covered": 100.0, "percent_covered_display": "100", "missing_lines": 0, "excluded_lines": 0}, "missing_lines": [], "excluded_lines": []}, "FontManagementConfig": {"executed_lines": [], "summary": {"covered_lines": 0, "num_statements": 0, "percent_covered": 100.0, "percent_covered_display": "100", "missing_lines": 0, "excluded_lines": 0}, "missing_lines": [], "excluded_lines": []}, "ValidationConfig": {"executed_lines": [], "summary": {"covered_lines": 0, "num_statements": 0, "percent_covered": 100.0, "percent_covered_display": "100", "missing_lines": 0, "excluded_lines": 0}, "missing_lines": [], "excluded_lines": []}, "LoggingConfig": {"executed_lines": [], "summary": {"covered_lines": 0, "num_statements": 0, "percent_covered": 100.0, "percent_covered_display": "100", "missing_lines": 0, "excluded_lines": 0}, "missing_lines": [], "excluded_lines": []}, "DebugConfig": {"executed_lines": [], "summary": {"covered_lines": 0, "num_statements": 0, "percent_covered": 100.0, "percent_covered_display": "100", "missing_lines": 0, "excluded_lines": 0}, "missing_lines": [], "excluded_lines": []}, "ProcessingConfig": {"executed_lines": [], "summary": {"covered_lines": 0, "num_statements": 0, "percent_covered": 100.0, "percent_covered_display": "100", "missing_lines": 0, "excluded_lines": 0}, "missing_lines": [], "excluded_lines": []}, "TestFrameworkConfig": {"executed_lines": [], "summary": {"covered_lines": 0, "num_statements": 0, "percent_covered": 100.0, "percent_covered_display": "100", "missing_lines": 0, "excluded_lines": 0}, "missing_lines": [], "excluded_lines": []}, "TestFixturesConfig": {"executed_lines": [], "summary": {"covered_lines": 0, "num_statements": 0, "percent_covered": 100.0, "percent_covered_display": "100", "missing_lines": 0, "excluded_lines": 0}, "missing_lines": [], "excluded_lines": []}, "TestSamplesConfig": {"executed_lines": [], "summary": {"covered_lines": 0, "num_statements": 0, "percent_covered": 100.0, "percent_covered_display": "100", "missing_lines": 0, "excluded_lines": 0}, "missing_lines": [], "excluded_lines": []}, "": {"executed_lines": [1, 4, 5, 6, 7, 8, 9, 10, 11, 12, 13, 14, 15, 16, 17, 18, 19, 20, 21, 24, 25, 26, 27, 28, 31, 32, 33, 34, 35, 38, 39, 40, 41, 42, 45, 46, 47, 48, 49, 50, 53, 54, 55, 56, 57, 60, 61, 62, 63, 64, 67, 68, 69, 72, 73, 74, 75, 76, 77, 78, 79, 82, 83, 84, 85, 86, 87, 88, 89, 92, 93, 94, 95, 96, 97, 98, 99, 102, 103, 104, 105, 106, 107, 108, 109, 110, 111, 112, 113, 114, 115, 116, 117, 120, 121, 122, 123, 124, 127, 128, 129, 130, 131, 132, 133, 134, 135, 136, 137, 138, 139, 140, 143, 144, 145, 146, 147, 148, 149, 152, 153, 154, 155, 156, 157, 158], "summary": {"covered_lines": 126, "num_statements": 126, "percent_covered": 100.0, "percent_covered_display": "100", "missing_lines": 0, "excluded_lines": 0}, "missing_lines": [], "excluded_lines": []}}}, "src/pdfrebuilder/core/__init__.py": {"executed_lines": [1, 4], "summary": {"covered_lines": 1, "num_statements": 1, "percent_covered": 100.0, "percent_covered_display": "100", "missing_lines": 0, "excluded_lines": 0}, "missing_lines": [], "excluded_lines": [], "functions": {"": {"executed_lines": [1, 4], "summary": {"covered_lines": 1, "num_statements": 1, "percent_covered": 100.0, "percent_covered_display": "100", "missing_lines": 0, "excluded_lines": 0}, "missing_lines": [], "excluded_lines": []}}, "classes": {"": {"executed_lines": [1, 4], "summary": {"covered_lines": 1, "num_statements": 1, "percent_covered": 100.0, "percent_covered_display": "100", "missing_lines": 0, "excluded_lines": 0}, "missing_lines": [], "excluded_lines": []}}}, "src/pdfrebuilder/core/compare_pdfs_visual.py": {"executed_lines": [1, 2, 3, 5, 6, 7, 8, 11, 14, 24, 38, 40, 41, 42, 44, 45, 46, 48, 50, 51, 55, 58, 66, 69, 76, 77, 78, 79, 80, 82, 83, 85, 86, 89, 109, 118, 119, 129, 130, 131, 134, 135, 136, 138, 139, 140, 141, 144, 145, 146, 147, 148, 151, 156, 157, 158, 159, 160, 162, 163, 164, 165, 167, 168, 170, 171, 172, 173, 175, 176, 177, 178], "summary": {"covered_lines": 72, "num_statements": 78, "percent_covered": 92.3076923076923, "percent_covered_display": "92", "missing_lines": 6, "excluded_lines": 0}, "missing_lines": [114, 115, 152, 153, 154, 155], "excluded_lines": [], "functions": {"compare_pdfs_visual": {"executed_lines": [38, 40, 41, 42, 44, 45, 46, 48, 50, 51, 55, 58, 66, 69, 76, 77, 78, 79, 80, 82, 83, 85, 86, 89, 109, 118, 119, 129, 130, 131, 134, 135, 136, 138, 139, 140, 141, 144, 145, 146, 147, 148, 151, 156, 157, 158, 159, 160, 162, 163, 164, 165, 167, 168, 170, 171, 172, 173, 175, 176, 177, 178], "summary": {"covered_lines": 62, "num_statements": 68, "percent_covered": 91.17647058823529, "percent_covered_display": "91", "missing_lines": 6, "excluded_lines": 0}, "missing_lines": [114, 115, 152, 153, 154, 155], "excluded_lines": []}, "": {"executed_lines": [1, 2, 3, 5, 6, 7, 8, 11, 14, 24], "summary": {"covered_lines": 10, "num_statements": 10, "percent_covered": 100.0, "percent_covered_display": "100", "missing_lines": 0, "excluded_lines": 0}, "missing_lines": [], "excluded_lines": []}}, "classes": {"": {"executed_lines": [1, 2, 3, 5, 6, 7, 8, 11, 14, 24, 38, 40, 41, 42, 44, 45, 46, 48, 50, 51, 55, 58, 66, 69, 76, 77, 78, 79, 80, 82, 83, 85, 86, 89, 109, 118, 119, 129, 130, 131, 134, 135, 136, 138, 139, 140, 141, 144, 145, 146, 147, 148, 151, 156, 157, 158, 159, 160, 162, 163, 164, 165, 167, 168, 170, 171, 172, 173, 175, 176, 177, 178], "summary": {"covered_lines": 72, "num_statements": 78, "percent_covered": 92.3076923076923, "percent_covered_display": "92", "missing_lines": 6, "excluded_lines": 0}, "missing_lines": [114, 115, 152, 153, 154, 155], "excluded_lines": []}}}, "src/pdfrebuilder/core/generate_debug_pdf_layers.py": {"executed_lines": [1, 2, 3, 4, 5, 7, 8, 10, 11, 13, 17, 19, 21, 22, 23, 26, 28, 31, 33, 34, 36, 37, 41, 44, 46, 47, 48, 51, 52, 55, 56, 57, 60, 62, 63, 65, 67, 68, 69, 70, 71, 72, 73, 74, 75, 76, 77, 78, 79, 81, 84, 90, 91, 92, 93, 94, 95, 96, 98, 101, 102, 103, 108, 109, 110, 112, 113, 114, 121, 125, 127, 128, 129, 130, 131, 132, 133, 134, 135, 136, 137, 138, 146, 147, 148, 152, 153, 154, 161, 168, 177, 178, 179, 180, 181, 182, 183, 184], "summary": {"covered_lines": 98, "num_statements": 112, "percent_covered": 87.5, "percent_covered_display": "88", "missing_lines": 14, "excluded_lines": 0}, "missing_lines": [20, 24, 99, 100, 105, 106, 115, 116, 117, 118, 119, 120, 122, 123], "excluded_lines": [], "functions": {"_create_summarized_json": {"executed_lines": [19, 21, 22, 23, 26, 28], "summary": {"covered_lines": 6, "num_statements": 8, "percent_covered": 75.0, "percent_covered_display": "75", "missing_lines": 2, "excluded_lines": 0}, "missing_lines": [20, 24], "excluded_lines": []}, "_wrap_text": {"executed_lines": [33, 34, 36, 37], "summary": {"covered_lines": 4, "num_statements": 4, "percent_covered": 100.0, "percent_covered_display": "100", "missing_lines": 0, "excluded_lines": 0}, "missing_lines": [], "excluded_lines": []}, "_render_debug_element": {"executed_lines": [46, 47, 48, 51, 52, 55, 56, 57], "summary": {"covered_lines": 8, "num_statements": 8, "percent_covered": 100.0, "percent_covered_display": "100", "missing_lines": 0, "excluded_lines": 0}, "missing_lines": [], "excluded_lines": []}, "_get_element_info_text": {"executed_lines": [62, 63, 65, 67, 68, 69, 70, 71, 72, 73, 74, 75, 76, 77, 78, 79, 81], "summary": {"covered_lines": 17, "num_statements": 17, "percent_covered": 100.0, "percent_covered_display": "100", "missing_lines": 0, "excluded_lines": 0}, "missing_lines": [], "excluded_lines": []}, "generate_debug_pdf_layers": {"executed_lines": [90, 91, 92, 93, 94, 95, 96, 98, 101, 102, 103, 108, 109, 110, 112, 113, 114, 121, 125, 127, 128, 129, 130, 131, 132, 133, 134, 135, 136, 137, 138, 146, 147, 148, 152, 153, 154, 161, 168, 177, 178, 179, 180, 181, 182, 183, 184], "summary": {"covered_lines": 47, "num_statements": 59, "percent_covered": 79.66101694915254, "percent_covered_display": "80", "missing_lines": 12, "excluded_lines": 0}, "missing_lines": [99, 100, 105, 106, 115, 116, 117, 118, 119, 120, 122, 123], "excluded_lines": []}, "": {"executed_lines": [1, 2, 3, 4, 5, 7, 8, 10, 11, 13, 17, 31, 41, 44, 60, 84], "summary": {"covered_lines": 16, "num_statements": 16, "percent_covered": 100.0, "percent_covered_display": "100", "missing_lines": 0, "excluded_lines": 0}, "missing_lines": [], "excluded_lines": []}}, "classes": {"": {"executed_lines": [1, 2, 3, 4, 5, 7, 8, 10, 11, 13, 17, 19, 21, 22, 23, 26, 28, 31, 33, 34, 36, 37, 41, 44, 46, 47, 48, 51, 52, 55, 56, 57, 60, 62, 63, 65, 67, 68, 69, 70, 71, 72, 73, 74, 75, 76, 77, 78, 79, 81, 84, 90, 91, 92, 93, 94, 95, 96, 98, 101, 102, 103, 108, 109, 110, 112, 113, 114, 121, 125, 127, 128, 129, 130, 131, 132, 133, 134, 135, 136, 137, 138, 146, 147, 148, 152, 153, 154, 161, 168, 177, 178, 179, 180, 181, 182, 183, 184], "summary": {"covered_lines": 98, "num_statements": 112, "percent_covered": 87.5, "percent_covered_display": "88", "missing_lines": 14, "excluded_lines": 0}, "missing_lines": [20, 24, 99, 100, 105, 106, 115, 116, 117, 118, 119, 120, 122, 123], "excluded_lines": []}}}, "src/pdfrebuilder/core/pdf_engine.py": {"executed_lines": [], "summary": {"covered_lines": 0, "num_statements": 52, "percent_covered": 0.0, "percent_covered_display": "0", "missing_lines": 52, "excluded_lines": 2}, "missing_lines": [3, 4, 6, 8, 10, 13, 19, 20, 21, 22, 23, 25, 32, 39, 43, 45, 49, 50, 52, 53, 54, 61, 62, 63, 64, 71, 75, 77, 79, 83, 84, 86, 87, 88, 89, 90, 91, 92, 93, 94, 95, 96, 99, 100, 101, 102, 103, 104, 105, 106, 107, 108], "excluded_lines": [30, 37], "functions": {"PDFEngineBase.extract": {"executed_lines": [], "summary": {"covered_lines": 0, "num_statements": 0, "percent_covered": 100.0, "percent_covered_display": "100", "missing_lines": 0, "excluded_lines": 1}, "missing_lines": [], "excluded_lines": [30]}, "PDFEngineBase.generate": {"executed_lines": [], "summary": {"covered_lines": 0, "num_statements": 0, "percent_covered": 100.0, "percent_covered_display": "100", "missing_lines": 0, "excluded_lines": 1}, "missing_lines": [], "excluded_lines": [37]}, "PDFEngineBase.get_supported_features": {"executed_lines": [], "summary": {"covered_lines": 0, "num_statements": 1, "percent_covered": 0.0, "percent_covered_display": "0", "missing_lines": 1, "excluded_lines": 0}, "missing_lines": [43], "excluded_lines": []}, "PDFEngineBase.warn_unsupported": {"executed_lines": [], "summary": {"covered_lines": 0, "num_statements": 2, "percent_covered": 0.0, "percent_covered_display": "0", "missing_lines": 2, "excluded_lines": 0}, "missing_lines": [49, 50], "excluded_lines": []}, "PDFEngineBase.engine_info": {"executed_lines": [], "summary": {"covered_lines": 0, "num_statements": 1, "percent_covered": 0.0, "percent_covered_display": "0", "missing_lines": 1, "excluded_lines": 0}, "missing_lines": [54], "excluded_lines": []}, "FitzPDFEngine.extract": {"executed_lines": [], "summary": {"covered_lines": 0, "num_statements": 2, "percent_covered": 0.0, "percent_covered_display": "0", "missing_lines": 2, "excluded_lines": 0}, "missing_lines": [75, 77], "excluded_lines": []}, "FitzPDFEngine.generate": {"executed_lines": [], "summary": {"covered_lines": 0, "num_statements": 23, "percent_covered": 0.0, "percent_covered_display": "0", "missing_lines": 23, "excluded_lines": 0}, "missing_lines": [83, 84, 86, 87, 88, 89, 90, 91, 92, 93, 94, 95, 96, 99, 100, 101, 102, 103, 104, 105, 106, 107, 108], "excluded_lines": []}, "": {"executed_lines": [], "summary": {"covered_lines": 0, "num_statements": 23, "percent_covered": 0.0, "percent_covered_display": "0", "missing_lines": 23, "excluded_lines": 0}, "missing_lines": [3, 4, 6, 8, 10, 13, 19, 20, 21, 22, 23, 25, 32, 39, 45, 52, 53, 61, 62, 63, 64, 71, 79], "excluded_lines": []}}, "classes": {"PDFEngineBase": {"executed_lines": [], "summary": {"covered_lines": 0, "num_statements": 4, "percent_covered": 0.0, "percent_covered_display": "0", "missing_lines": 4, "excluded_lines": 2}, "missing_lines": [43, 49, 50, 54], "excluded_lines": [30, 37]}, "FitzPDFEngine": {"executed_lines": [], "summary": {"covered_lines": 0, "num_statements": 25, "percent_covered": 0.0, "percent_covered_display": "0", "missing_lines": 25, "excluded_lines": 0}, "missing_lines": [75, 77, 83, 84, 86, 87, 88, 89, 90, 91, 92, 93, 94, 95, 96, 99, 100, 101, 102, 103, 104, 105, 106, 107, 108], "excluded_lines": []}, "": {"executed_lines": [], "summary": {"covered_lines": 0, "num_statements": 23, "percent_covered": 0.0, "percent_covered_display": "0", "missing_lines": 23, "excluded_lines": 0}, "missing_lines": [3, 4, 6, 8, 10, 13, 19, 20, 21, 22, 23, 25, 32, 39, 45, 52, 53, 61, 62, 63, 64, 71, 79], "excluded_lines": []}}}, "src/pdfrebuilder/core/recreate_pdf_from_config.py": {"executed_lines": [1, 8, 9, 10, 12, 13, 15, 18, 36, 38, 39, 42, 43, 46, 47, 48, 49, 50, 56, 57, 60, 62, 64, 65, 66, 69, 87, 104, 124], "summary": {"covered_lines": 28, "num_statements": 52, "percent_covered": 53.84615384615385, "percent_covered_display": "54", "missing_lines": 24, "excluded_lines": 0}, "missing_lines": [51, 52, 53, 54, 84, 94, 95, 97, 98, 99, 100, 101, 115, 116, 118, 119, 120, 121, 135, 136, 138, 139, 140, 141], "excluded_lines": [], "functions": {"recreate_pdf_from_config": {"executed_lines": [36, 38, 39, 42, 43, 46, 47, 48, 49, 50, 56, 57, 60, 62, 64, 65, 66], "summary": {"covered_lines": 17, "num_statements": 21, "percent_covered": 80.95238095238095, "percent_covered_display": "81", "missing_lines": 4, "excluded_lines": 0}, "missing_lines": [51, 52, 53, 54], "excluded_lines": []}, "recreate_pdf_with_engine": {"executed_lines": [], "summary": {"covered_lines": 0, "num_statements": 1, "percent_covered": 0.0, "percent_covered_display": "0", "missing_lines": 1, "excluded_lines": 0}, "missing_lines": [84], "excluded_lines": []}, "get_available_engines": {"executed_lines": [], "summary": {"covered_lines": 0, "num_statements": 7, "percent_covered": 0.0, "percent_covered_display": "0", "missing_lines": 7, "excluded_lines": 0}, "missing_lines": [94, 95, 97, 98, 99, 100, 101], "excluded_lines": []}, "validate_engine_configuration": {"executed_lines": [], "summary": {"covered_lines": 0, "num_statements": 6, "percent_covered": 0.0, "percent_covered_display": "0", "missing_lines": 6, "excluded_lines": 0}, "missing_lines": [115, 116, 118, 119, 120, 121], "excluded_lines": []}, "compare_engine_capabilities": {"executed_lines": [], "summary": {"covered_lines": 0, "num_statements": 6, "percent_covered": 0.0, "percent_covered_display": "0", "missing_lines": 6, "excluded_lines": 0}, "missing_lines": [135, 136, 138, 139, 140, 141], "excluded_lines": []}, "": {"executed_lines": [1, 8, 9, 10, 12, 13, 15, 18, 69, 87, 104, 124], "summary": {"covered_lines": 11, "num_statements": 11, "percent_covered": 100.0, "percent_covered_display": "100", "missing_lines": 0, "excluded_lines": 0}, "missing_lines": [], "excluded_lines": []}}, "classes": {"": {"executed_lines": [1, 8, 9, 10, 12, 13, 15, 18, 36, 38, 39, 42, 43, 46, 47, 48, 49, 50, 56, 57, 60, 62, 64, 65, 66, 69, 87, 104, 124], "summary": {"covered_lines": 28, "num_statements": 52, "percent_covered": 53.84615384615385, "percent_covered_display": "54", "missing_lines": 24, "excluded_lines": 0}, "missing_lines": [51, 52, 53, 54, 84, 94, 95, 97, 98, 99, 100, 101, 115, 116, 118, 119, 120, 121, 135, 136, 138, 139, 140, 141], "excluded_lines": []}}}, "src/pdfrebuilder/core/render.py": {"executed_lines": [1, 2, 3, 4, 5, 8, 10, 11, 14, 17, 18, 20, 21, 22, 23, 24, 25, 26, 29, 30, 35, 36, 40, 41, 45, 46, 50, 51, 55, 56, 65, 66, 67, 70, 71, 75, 93, 96, 97, 105, 106, 108, 112, 113, 130, 132, 135, 137, 143, 149, 156, 190, 191, 192, 193, 194, 195, 198, 262, 263, 268, 269, 271, 272, 274, 275, 277, 278, 279, 280, 281, 283, 284, 285, 288, 289, 291, 294, 296, 300, 304, 305, 308, 310, 311, 312, 313, 315, 317, 318, 320, 334, 360, 363, 378, 379, 385, 387, 391, 396, 397, 408, 409, 416, 418, 420, 444, 606, 613, 614, 616, 617, 618, 622, 625, 626, 627, 629, 630, 634, 635, 637, 638, 639, 640, 641, 642, 643, 646, 647, 649, 652, 658, 753, 754, 755, 756, 792], "summary": {"covered_lines": 137, "num_statements": 325, "percent_covered": 42.15384615384615, "percent_covered_display": "42", "missing_lines": 188, "excluded_lines": 0}, "missing_lines": [32, 37, 42, 47, 52, 58, 59, 60, 61, 62, 72, 124, 133, 138, 140, 142, 151, 152, 153, 154, 155, 158, 159, 161, 162, 163, 167, 168, 169, 173, 176, 177, 178, 179, 180, 184, 187, 264, 265, 295, 297, 301, 321, 323, 324, 325, 326, 328, 329, 330, 331, 335, 336, 337, 339, 341, 342, 343, 344, 345, 347, 348, 349, 350, 352, 353, 355, 356, 357, 365, 366, 367, 368, 369, 370, 372, 373, 374, 375, 380, 382, 388, 431, 432, 433, 434, 435, 458, 460, 462, 473, 474, 476, 477, 478, 479, 481, 482, 483, 484, 485, 487, 489, 490, 491, 494, 495, 497, 498, 499, 502, 510, 511, 512, 514, 515, 520, 523, 525, 526, 529, 535, 536, 538, 545, 551, 553, 558, 560, 561, 563, 570, 571, 573, 578, 580, 582, 589, 591, 597, 603, 619, 620, 631, 632, 670, 672, 676, 679, 693, 695, 697, 701, 704, 706, 708, 709, 711, 712, 717, 730, 731, 735, 739, 740, 741, 743, 745, 749, 750, 751, 758, 759, 760, 761, 762, 764, 765, 766, 776, 777, 778, 779, 782, 783, 785, 786, 787], "excluded_lines": [], "functions": {"json_serializer": {"executed_lines": [], "summary": {"covered_lines": 0, "num_statements": 1, "percent_covered": 0.0, "percent_covered_display": "0", "missing_lines": 1, "excluded_lines": 0}, "missing_lines": [32], "excluded_lines": []}, "_": {"executed_lines": [], "summary": {"covered_lines": 0, "num_statements": 1, "percent_covered": 0.0, "percent_covered_display": "0", "missing_lines": 1, "excluded_lines": 0}, "missing_lines": [72], "excluded_lines": []}, "_render_text_with_fallback": {"executed_lines": [93, 96, 97, 105, 106, 108, 112, 113, 130, 132, 135, 137, 143, 149, 156, 190, 191, 192, 193, 194, 195], "summary": {"covered_lines": 21, "num_statements": 47, "percent_covered": 44.680851063829785, "percent_covered_display": "45", "missing_lines": 26, "excluded_lines": 0}, "missing_lines": [124, 133, 138, 140, 142, 151, 152, 153, 154, 155, 158, 159, 161, 162, 163, 167, 168, 169, 173, 176, 177, 178, 179, 180, 184, 187], "excluded_lines": []}, "_render_vector_element": {"executed_lines": [262, 263, 268, 269, 271, 272, 274, 275, 277, 278, 279, 280, 281, 283, 284, 285, 288, 289, 291, 294, 296, 300, 304, 305, 308, 310, 311, 312, 313, 315, 317, 318, 320, 334, 360, 363, 378, 379, 385, 387, 391, 396, 397, 408, 409, 416, 418, 420], "summary": {"covered_lines": 48, "num_statements": 98, "percent_covered": 48.97959183673469, "percent_covered_display": "49", "missing_lines": 50, "excluded_lines": 0}, "missing_lines": [264, 265, 295, 297, 301, 321, 323, 324, 325, 326, 328, 329, 330, 331, 335, 336, 337, 339, 341, 342, 343, 344, 345, 347, 348, 349, 350, 352, 353, 355, 356, 357, 365, 366, 367, 368, 369, 370, 372, 373, 374, 375, 380, 382, 388, 431, 432, 433, 434, 435], "excluded_lines": []}, "_validate_fonts_before_rendering": {"executed_lines": [], "summary": {"covered_lines": 0, "num_statements": 54, "percent_covered": 0.0, "percent_covered_display": "0", "missing_lines": 54, "excluded_lines": 0}, "missing_lines": [458, 460, 462, 473, 474, 476, 477, 478, 479, 481, 482, 483, 484, 485, 487, 489, 490, 491, 494, 495, 497, 498, 499, 502, 510, 511, 512, 514, 515, 520, 523, 525, 526, 529, 535, 536, 538, 545, 551, 553, 558, 560, 561, 563, 570, 571, 573, 578, 580, 582, 589, 591, 597, 603], "excluded_lines": []}, "_render_element": {"executed_lines": [613, 614, 616, 617, 618, 622, 625, 626, 627, 629, 630, 634, 635, 637, 638, 639, 640, 641, 642, 643, 646, 647, 649, 652, 658, 753, 754, 755, 756, 792], "summary": {"covered_lines": 30, "num_statements": 77, "percent_covered": 38.96103896103896, "percent_covered_display": "39", "missing_lines": 47, "excluded_lines": 0}, "missing_lines": [619, 620, 631, 632, 670, 672, 676, 679, 693, 695, 697, 701, 704, 706, 708, 709, 711, 712, 717, 730, 731, 735, 739, 740, 741, 743, 745, 749, 750, 751, 758, 759, 760, 761, 762, 764, 765, 766, 776, 777, 778, 779, 782, 783, 785, 786, 787], "excluded_lines": []}, "": {"executed_lines": [1, 2, 3, 4, 5, 8, 10, 11, 14, 17, 18, 20, 21, 22, 23, 24, 25, 26, 29, 30, 35, 36, 40, 41, 45, 46, 50, 51, 55, 56, 65, 66, 70, 71, 75, 198, 444, 606], "summary": {"covered_lines": 37, "num_statements": 37, "percent_covered": 100.0, "percent_covered_display": "100", "missing_lines": 0, "excluded_lines": 0}, "missing_lines": [], "excluded_lines": []}}, "classes": {"FontPreValidationResult": {"executed_lines": [], "summary": {"covered_lines": 0, "num_statements": 0, "percent_covered": 100.0, "percent_covered_display": "100", "missing_lines": 0, "excluded_lines": 0}, "missing_lines": [], "excluded_lines": []}, "": {"executed_lines": [1, 2, 3, 4, 5, 8, 10, 11, 14, 17, 18, 20, 21, 22, 23, 24, 25, 26, 29, 30, 35, 36, 40, 41, 45, 46, 50, 51, 55, 56, 65, 66, 67, 70, 71, 75, 93, 96, 97, 105, 106, 108, 112, 113, 130, 132, 135, 137, 143, 149, 156, 190, 191, 192, 193, 194, 195, 198, 262, 263, 268, 269, 271, 272, 274, 275, 277, 278, 279, 280, 281, 283, 284, 285, 288, 289, 291, 294, 296, 300, 304, 305, 308, 310, 311, 312, 313, 315, 317, 318, 320, 334, 360, 363, 378, 379, 385, 387, 391, 396, 397, 408, 409, 416, 418, 420, 444, 606, 613, 614, 616, 617, 618, 622, 625, 626, 627, 629, 630, 634, 635, 637, 638, 639, 640, 641, 642, 643, 646, 647, 649, 652, 658, 753, 754, 755, 756, 792], "summary": {"covered_lines": 137, "num_statements": 325, "percent_covered": 42.15384615384615, "percent_covered_display": "42", "missing_lines": 188, "excluded_lines": 0}, "missing_lines": [32, 37, 42, 47, 52, 58, 59, 60, 61, 62, 72, 124, 133, 138, 140, 142, 151, 152, 153, 154, 155, 158, 159, 161, 162, 163, 167, 168, 169, 173, 176, 177, 178, 179, 180, 184, 187, 264, 265, 295, 297, 301, 321, 323, 324, 325, 326, 328, 329, 330, 331, 335, 336, 337, 339, 341, 342, 343, 344, 345, 347, 348, 349, 350, 352, 353, 355, 356, 357, 365, 366, 367, 368, 369, 370, 372, 373, 374, 375, 380, 382, 388, 431, 432, 433, 434, 435, 458, 460, 462, 473, 474, 476, 477, 478, 479, 481, 482, 483, 484, 485, 487, 489, 490, 491, 494, 495, 497, 498, 499, 502, 510, 511, 512, 514, 515, 520, 523, 525, 526, 529, 535, 536, 538, 545, 551, 553, 558, 560, 561, 563, 570, 571, 573, 578, 580, 582, 589, 591, 597, 603, 619, 620, 631, 632, 670, 672, 676, 679, 693, 695, 697, 701, 704, 706, 708, 709, 711, 712, 717, 730, 731, 735, 739, 740, 741, 743, 745, 749, 750, 751, 758, 759, 760, 761, 762, 764, 765, 766, 776, 777, 778, 779, 782, 783, 785, 786, 787], "excluded_lines": []}}}, "src/pdfrebuilder/engine/__init__.py": {"executed_lines": [1, 3], "summary": {"covered_lines": 1, "num_statements": 1, "percent_covered": 100.0, "percent_covered_display": "100", "missing_lines": 0, "excluded_lines": 0}, "missing_lines": [], "excluded_lines": [], "functions": {"": {"executed_lines": [1, 3], "summary": {"covered_lines": 1, "num_statements": 1, "percent_covered": 100.0, "percent_covered_display": "100", "missing_lines": 0, "excluded_lines": 0}, "missing_lines": [], "excluded_lines": []}}, "classes": {"": {"executed_lines": [1, 3], "summary": {"covered_lines": 1, "num_statements": 1, "percent_covered": 100.0, "percent_covered_display": "100", "missing_lines": 0, "excluded_lines": 0}, "missing_lines": [], "excluded_lines": []}}}, "src/pdfrebuilder/engine/batch_modifier.py": {"executed_lines": [1, 8, 9, 10, 11, 13, 14, 16, 19, 20, 21, 23, 24, 25, 26, 27, 28, 31, 32, 33, 35, 36, 37, 38, 39, 42, 43, 52, 62, 153, 241, 329, 358], "summary": {"covered_lines": 29, "num_statements": 163, "percent_covered": 17.791411042944784, "percent_covered_display": "18", "missing_lines": 134, "excluded_lines": 0}, "missing_lines": [59, 60, 83, 86, 89, 90, 91, 94, 95, 96, 98, 101, 102, 105, 106, 107, 108, 111, 112, 113, 116, 117, 119, 120, 122, 123, 125, 127, 129, 130, 131, 132, 135, 136, 137, 139, 141, 142, 143, 144, 150, 151, 170, 172, 173, 174, 177, 178, 179, 182, 183, 184, 185, 188, 189, 192, 193, 194, 195, 197, 198, 200, 205, 207, 208, 210, 211, 213, 217, 219, 220, 221, 224, 225, 226, 228, 230, 231, 232, 233, 238, 239, 256, 265, 266, 267, 269, 270, 271, 272, 273, 274, 276, 278, 279, 282, 285, 286, 287, 300, 305, 306, 319, 320, 321, 324, 325, 327, 341, 342, 343, 345, 347, 348, 351, 352, 356, 368, 369, 370, 371, 374, 375, 376, 378, 379, 380, 381, 384, 386, 387, 388, 390, 402], "excluded_lines": [], "functions": {"BatchModifier.__init__": {"executed_lines": [], "summary": {"covered_lines": 0, "num_statements": 2, "percent_covered": 0.0, "percent_covered_display": "0", "missing_lines": 2, "excluded_lines": 0}, "missing_lines": [59, 60], "excluded_lines": []}, "BatchModifier.batch_text_replacement": {"executed_lines": [], "summary": {"covered_lines": 0, "num_statements": 40, "percent_covered": 0.0, "percent_covered_display": "0", "missing_lines": 40, "excluded_lines": 0}, "missing_lines": [83, 86, 89, 90, 91, 94, 95, 96, 98, 101, 102, 105, 106, 107, 108, 111, 112, 113, 116, 117, 119, 120, 122, 123, 125, 127, 129, 130, 131, 132, 135, 136, 137, 139, 141, 142, 143, 144, 150, 151], "excluded_lines": []}, "BatchModifier.variable_substitution": {"executed_lines": [], "summary": {"covered_lines": 0, "num_statements": 40, "percent_covered": 0.0, "percent_covered_display": "0", "missing_lines": 40, "excluded_lines": 0}, "missing_lines": [170, 172, 173, 174, 177, 178, 179, 182, 183, 184, 185, 188, 189, 192, 193, 194, 195, 197, 198, 200, 205, 207, 208, 210, 211, 213, 217, 219, 220, 221, 224, 225, 226, 228, 230, 231, 232, 233, 238, 239], "excluded_lines": []}, "BatchModifier.validate_document_fonts": {"executed_lines": [], "summary": {"covered_lines": 0, "num_statements": 26, "percent_covered": 0.0, "percent_covered_display": "0", "missing_lines": 26, "excluded_lines": 0}, "missing_lines": [256, 265, 266, 267, 269, 270, 271, 272, 273, 274, 276, 278, 279, 282, 285, 286, 287, 300, 305, 306, 319, 320, 321, 324, 325, 327], "excluded_lines": []}, "BatchModifier._validate_text_font": {"executed_lines": [], "summary": {"covered_lines": 0, "num_statements": 9, "percent_covered": 0.0, "percent_covered_display": "0", "missing_lines": 9, "excluded_lines": 0}, "missing_lines": [341, 342, 343, 345, 347, 348, 351, 352, 356], "excluded_lines": []}, "BatchModifier.get_substitution_statistics": {"executed_lines": [], "summary": {"covered_lines": 0, "num_statements": 17, "percent_covered": 0.0, "percent_covered_display": "0", "missing_lines": 17, "excluded_lines": 0}, "missing_lines": [368, 369, 370, 371, 374, 375, 376, 378, 379, 380, 381, 384, 386, 387, 388, 390, 402], "excluded_lines": []}, "": {"executed_lines": [1, 8, 9, 10, 11, 13, 14, 16, 19, 20, 21, 23, 24, 25, 26, 27, 28, 31, 32, 33, 35, 36, 37, 38, 39, 42, 43, 52, 62, 153, 241, 329, 358], "summary": {"covered_lines": 29, "num_statements": 29, "percent_covered": 100.0, "percent_covered_display": "100", "missing_lines": 0, "excluded_lines": 0}, "missing_lines": [], "excluded_lines": []}}, "classes": {"BatchModificationResult": {"executed_lines": [], "summary": {"covered_lines": 0, "num_statements": 0, "percent_covered": 100.0, "percent_covered_display": "100", "missing_lines": 0, "excluded_lines": 0}, "missing_lines": [], "excluded_lines": []}, "VariableSubstitution": {"executed_lines": [], "summary": {"covered_lines": 0, "num_statements": 0, "percent_covered": 100.0, "percent_covered_display": "100", "missing_lines": 0, "excluded_lines": 0}, "missing_lines": [], "excluded_lines": []}, "BatchModifier": {"executed_lines": [], "summary": {"covered_lines": 0, "num_statements": 134, "percent_covered": 0.0, "percent_covered_display": "0", "missing_lines": 134, "excluded_lines": 0}, "missing_lines": [59, 60, 83, 86, 89, 90, 91, 94, 95, 96, 98, 101, 102, 105, 106, 107, 108, 111, 112, 113, 116, 117, 119, 120, 122, 123, 125, 127, 129, 130, 131, 132, 135, 136, 137, 139, 141, 142, 143, 144, 150, 151, 170, 172, 173, 174, 177, 178, 179, 182, 183, 184, 185, 188, 189, 192, 193, 194, 195, 197, 198, 200, 205, 207, 208, 210, 211, 213, 217, 219, 220, 221, 224, 225, 226, 228, 230, 231, 232, 233, 238, 239, 256, 265, 266, 267, 269, 270, 271, 272, 273, 274, 276, 278, 279, 282, 285, 286, 287, 300, 305, 306, 319, 320, 321, 324, 325, 327, 341, 342, 343, 345, 347, 348, 351, 352, 356, 368, 369, 370, 371, 374, 375, 376, 378, 379, 380, 381, 384, 386, 387, 388, 390, 402], "excluded_lines": []}, "": {"executed_lines": [1, 8, 9, 10, 11, 13, 14, 16, 19, 20, 21, 23, 24, 25, 26, 27, 28, 31, 32, 33, 35, 36, 37, 38, 39, 42, 43, 52, 62, 153, 241, 329, 358], "summary": {"covered_lines": 29, "num_statements": 29, "percent_covered": 100.0, "percent_covered_display": "100", "missing_lines": 0, "excluded_lines": 0}, "missing_lines": [], "excluded_lines": []}}}, "src/pdfrebuilder/engine/config_loader.py": {"executed_lines": [1, 8, 9, 10, 11, 13, 20, 23, 24, 26, 28, 30, 59, 69, 72, 73, 76, 77, 78, 80, 81, 83, 84, 87, 91, 92, 93, 95, 96, 98, 99, 101, 102, 105, 108, 109, 111, 113, 123, 125, 126, 129, 130, 134, 136, 138, 155, 158, 161, 162, 163, 166, 174, 180, 183, 184, 187, 191, 193, 213, 234, 247, 263, 266, 269, 270, 271, 274, 285, 286, 289], "summary": {"covered_lines": 69, "num_statements": 119, "percent_covered": 57.983193277310924, "percent_covered_display": "58", "missing_lines": 50, "excluded_lines": 0}, "missing_lines": [44, 45, 47, 48, 49, 51, 52, 54, 55, 56, 57, 79, 82, 85, 88, 94, 97, 100, 103, 106, 127, 132, 167, 168, 169, 170, 171, 175, 176, 177, 185, 188, 189, 203, 206, 207, 211, 221, 223, 225, 226, 228, 230, 231, 232, 245, 257, 259, 300, 301], "excluded_lines": [], "functions": {"EngineConfigLoader.__init__": {"executed_lines": [28], "summary": {"covered_lines": 1, "num_statements": 1, "percent_covered": 100.0, "percent_covered_display": "100", "missing_lines": 0, "excluded_lines": 0}, "missing_lines": [], "excluded_lines": []}, "EngineConfigLoader.load_from_file": {"executed_lines": [], "summary": {"covered_lines": 0, "num_statements": 11, "percent_covered": 0.0, "percent_covered_display": "0", "missing_lines": 11, "excluded_lines": 0}, "missing_lines": [44, 45, 47, 48, 49, 51, 52, 54, 55, 56, 57], "excluded_lines": []}, "EngineConfigLoader.load_from_env": {"executed_lines": [69, 72, 73, 76, 77, 78, 80, 81, 83, 84, 87, 91, 92, 93, 95, 96, 98, 99, 101, 102, 105, 108, 109, 111], "summary": {"covered_lines": 24, "num_statements": 33, "percent_covered": 72.72727272727273, "percent_covered_display": "73", "missing_lines": 9, "excluded_lines": 0}, "missing_lines": [79, 82, 85, 88, 94, 97, 100, 103, 106], "excluded_lines": []}, "EngineConfigLoader.merge_configs": {"executed_lines": [123, 125, 126, 129, 130, 134, 136], "summary": {"covered_lines": 7, "num_statements": 9, "percent_covered": 77.77777777777777, "percent_covered_display": "78", "missing_lines": 2, "excluded_lines": 0}, "missing_lines": [127, 132], "excluded_lines": []}, "EngineConfigLoader.load_complete_config": {"executed_lines": [155, 158, 161, 162, 163, 166, 174, 180, 183, 184, 187, 191], "summary": {"covered_lines": 12, "num_statements": 23, "percent_covered": 52.17391304347826, "percent_covered_display": "52", "missing_lines": 11, "excluded_lines": 0}, "missing_lines": [167, 168, 169, 170, 171, 175, 176, 177, 185, 188, 189], "excluded_lines": []}, "EngineConfigLoader._cli_args_to_config": {"executed_lines": [], "summary": {"covered_lines": 0, "num_statements": 4, "percent_covered": 0.0, "percent_covered_display": "0", "missing_lines": 4, "excluded_lines": 0}, "missing_lines": [203, 206, 207, 211], "excluded_lines": []}, "EngineConfigLoader.save_config": {"executed_lines": [], "summary": {"covered_lines": 0, "num_statements": 8, "percent_covered": 0.0, "percent_covered_display": "0", "missing_lines": 8, "excluded_lines": 0}, "missing_lines": [221, 223, 225, 226, 228, 230, 231, 232], "excluded_lines": []}, "EngineConfigLoader.get_engine_config": {"executed_lines": [], "summary": {"covered_lines": 0, "num_statements": 1, "percent_covered": 0.0, "percent_covered_display": "0", "missing_lines": 1, "excluded_lines": 0}, "missing_lines": [245], "excluded_lines": []}, "EngineConfigLoader.validate_config": {"executed_lines": [], "summary": {"covered_lines": 0, "num_statements": 2, "percent_covered": 0.0, "percent_covered_display": "0", "missing_lines": 2, "excluded_lines": 0}, "missing_lines": [257, 259], "excluded_lines": []}, "get_config_loader": {"executed_lines": [269, 270, 271], "summary": {"covered_lines": 3, "num_statements": 3, "percent_covered": 100.0, "percent_covered_display": "100", "missing_lines": 0, "excluded_lines": 0}, "missing_lines": [], "excluded_lines": []}, "load_engine_config": {"executed_lines": [285, 286], "summary": {"covered_lines": 2, "num_statements": 2, "percent_covered": 100.0, "percent_covered_display": "100", "missing_lines": 0, "excluded_lines": 0}, "missing_lines": [], "excluded_lines": []}, "get_engine_specific_config": {"executed_lines": [], "summary": {"covered_lines": 0, "num_statements": 2, "percent_covered": 0.0, "percent_covered_display": "0", "missing_lines": 2, "excluded_lines": 0}, "missing_lines": [300, 301], "excluded_lines": []}, "": {"executed_lines": [1, 8, 9, 10, 11, 13, 20, 23, 24, 26, 30, 59, 113, 138, 193, 213, 234, 247, 263, 266, 274, 289], "summary": {"covered_lines": 20, "num_statements": 20, "percent_covered": 100.0, "percent_covered_display": "100", "missing_lines": 0, "excluded_lines": 0}, "missing_lines": [], "excluded_lines": []}}, "classes": {"EngineConfigLoader": {"executed_lines": [28, 69, 72, 73, 76, 77, 78, 80, 81, 83, 84, 87, 91, 92, 93, 95, 96, 98, 99, 101, 102, 105, 108, 109, 111, 123, 125, 126, 129, 130, 134, 136, 155, 158, 161, 162, 163, 166, 174, 180, 183, 184, 187, 191], "summary": {"covered_lines": 44, "num_statements": 92, "percent_covered": 47.82608695652174, "percent_covered_display": "48", "missing_lines": 48, "excluded_lines": 0}, "missing_lines": [44, 45, 47, 48, 49, 51, 52, 54, 55, 56, 57, 79, 82, 85, 88, 94, 97, 100, 103, 106, 127, 132, 167, 168, 169, 170, 171, 175, 176, 177, 185, 188, 189, 203, 206, 207, 211, 221, 223, 225, 226, 228, 230, 231, 232, 245, 257, 259], "excluded_lines": []}, "": {"executed_lines": [1, 8, 9, 10, 11, 13, 20, 23, 24, 26, 30, 59, 113, 138, 193, 213, 234, 247, 263, 266, 269, 270, 271, 274, 285, 286, 289], "summary": {"covered_lines": 25, "num_statements": 27, "percent_covered": 92.5925925925926, "percent_covered_display": "93", "missing_lines": 2, "excluded_lines": 0}, "missing_lines": [300, 301], "excluded_lines": []}}}, "src/pdfrebuilder/engine/document_parser.py": {"executed_lines": [1, 6, 7, 8, 9, 11, 12, 13, 15, 18, 19, 21, 22, 23, 26, 27, 29, 30, 31, 32, 34, 41, 43, 45, 47, 49, 51, 53, 60, 61, 63, 64, 67, 68, 71, 72, 76, 77, 79, 81, 82, 84, 85, 87, 89, 90, 92, 101, 102, 104, 106, 107, 109, 110, 112, 129, 160, 161, 163, 165, 166, 168, 171, 174, 176, 178, 180, 182, 185, 186, 191, 192, 198, 226, 233, 235, 236, 238, 241, 255, 256, 259, 265, 269, 270, 273, 277, 280, 300, 301, 303, 304, 305, 306, 307, 308, 314, 316, 317, 318, 319], "summary": {"covered_lines": 88, "num_statements": 123, "percent_covered": 71.54471544715447, "percent_covered_display": "72", "missing_lines": 35, "excluded_lines": 26}, "missing_lines": [96, 97, 98, 114, 116, 119, 122, 123, 131, 133, 134, 137, 141, 142, 143, 147, 151, 153, 187, 188, 200, 202, 205, 206, 207, 208, 212, 216, 218, 237, 266, 267, 274, 275, 312], "excluded_lines": [63, 64, 65, 67, 68, 69, 71, 72, 73, 120, 125, 126, 127, 138, 144, 155, 156, 157, 189, 194, 195, 196, 209, 220, 221, 222], "functions": {"DocumentParsingError.__init__": {"executed_lines": [22, 23], "summary": {"covered_lines": 2, "num_statements": 2, "percent_covered": 100.0, "percent_covered_display": "100", "missing_lines": 0, "excluded_lines": 0}, "missing_lines": [], "excluded_lines": []}, "AssetManifest.__init__": {"executed_lines": [30, 31, 32], "summary": {"covered_lines": 3, "num_statements": 3, "percent_covered": 100.0, "percent_covered_display": "100", "missing_lines": 0, "excluded_lines": 0}, "missing_lines": [], "excluded_lines": []}, "AssetManifest.add_image": {"executed_lines": [41], "summary": {"covered_lines": 1, "num_statements": 1, "percent_covered": 100.0, "percent_covered_display": "100", "missing_lines": 0, "excluded_lines": 0}, "missing_lines": [], "excluded_lines": []}, "AssetManifest.add_font": {"executed_lines": [45], "summary": {"covered_lines": 1, "num_statements": 1, "percent_covered": 100.0, "percent_covered_display": "100", "missing_lines": 0, "excluded_lines": 0}, "missing_lines": [], "excluded_lines": []}, "AssetManifest.add_asset": {"executed_lines": [49], "summary": {"covered_lines": 1, "num_statements": 1, "percent_covered": 100.0, "percent_covered_display": "100", "missing_lines": 0, "excluded_lines": 0}, "missing_lines": [], "excluded_lines": []}, "AssetManifest.to_dict": {"executed_lines": [53], "summary": {"covered_lines": 1, "num_statements": 1, "percent_covered": 100.0, "percent_covered_display": "100", "missing_lines": 0, "excluded_lines": 0}, "missing_lines": [], "excluded_lines": []}, "DocumentParser.can_parse": {"executed_lines": [], "summary": {"covered_lines": 0, "num_statements": 0, "percent_covered": 100.0, "percent_co
[...]
0}, "missing_lines": [1373, 1374, 1377, 1378, 1381, 1382, 1385], "excluded_lines": []}, "SecurityMonitor._check_suspicious_patterns": {"executed_lines": [], "summary": {"covered_lines": 0, "num_statements": 5, "percent_covered": 0.0, "percent_covered_display": "0", "missing_lines": 5, "excluded_lines": 0}, "missing_lines": [1389, 1391, 1412, 1413, 1414], "excluded_lines": []}, "SecurityMonitor.check_alerts": {"executed_lines": [], "summary": {"covered_lines": 0, "num_statements": 3, "percent_covered": 0.0, "percent_covered_display": "0", "missing_lines": 3, "excluded_lines": 0}, "missing_lines": [1418, 1419, 1421], "excluded_lines": []}, "SecurityMonitor.get_security_report": {"executed_lines": [], "summary": {"covered_lines": 0, "num_statements": 3, "percent_covered": 0.0, "percent_covered_display": "0", "missing_lines": 3, "excluded_lines": 0}, "missing_lines": [1425, 1426, 1427], "excluded_lines": []}, "SecurityMonitor.start_monitoring": {"executed_lines": [], "summary": {"covered_lines": 0, "num_statements": 2, "percent_covered": 0.0, "percent_covered_display": "0", "missing_lines": 2, "excluded_lines": 0}, "missing_lines": [1431, 1432], "excluded_lines": []}, "SecurityMonitor.stop_monitoring": {"executed_lines": [], "summary": {"covered_lines": 0, "num_statements": 2, "percent_covered": 0.0, "percent_covered_display": "0", "missing_lines": 2, "excluded_lines": 0}, "missing_lines": [1436, 1437], "excluded_lines": []}, "SecurityMonitor.reset_monitoring": {"executed_lines": [], "summary": {"covered_lines": 0, "num_statements": 3, "percent_covered": 0.0, "percent_covered_display": "0", "missing_lines": 3, "excluded_lines": 0}, "missing_lines": [1441, 1442, 1443], "excluded_lines": []}, "get_security_monitor": {"executed_lines": [], "summary": {"covered_lines": 0, "num_statements": 3, "percent_covered": 0.0, "percent_covered_display": "0", "missing_lines": 3, "excluded_lines": 0}, "missing_lines": [1465, 1466, 1468], "excluded_lines": []}, "get_security_report": {"executed_lines": [], "summary": {"covered_lines": 0, "num_statements": 2, "percent_covered": 0.0, "percent_covered_display": "0", "missing_lines": 2, "excluded_lines": 0}, "missing_lines": [1473, 1474], "excluded_lines": []}, "check_security_alerts": {"executed_lines": [], "summary": {"covered_lines": 0, "num_statements": 2, "percent_covered": 0.0, "percent_covered_display": "0", "missing_lines": 2, "excluded_lines": 0}, "missing_lines": [1479, 1480], "excluded_lines": []}, "": {"executed_lines": [2, 21, 22, 23, 24, 25, 26, 27, 28, 29, 30, 31, 32, 33, 34, 36, 38, 41, 42, 45, 46, 49, 50, 52, 70, 90, 102, 115, 116, 118, 136, 164, 205, 206, 209, 235, 252, 269, 320, 321, 423, 424, 469, 470, 510, 511, 513, 562, 752, 835, 851, 863, 867, 876, 880, 884, 888, 892, 897, 898, 900, 912, 930, 950, 967, 971, 977, 1025, 1039, 1053, 1054, 1056, 1057, 1058, 1059, 1060, 1061, 1062, 1063, 1064, 1065, 1066, 1068, 1083, 1091, 1109, 1117, 1121, 1125, 1166, 1171, 1172, 1174, 1191, 1278, 1284, 1294, 1307, 1313, 1318, 1319, 1321, 1338, 1360, 1371, 1387, 1416, 1423, 1429, 1434, 1439, 1447, 1450, 1471, 1477], "summary": {"covered_lines": 104, "num_statements": 104, "percent_covered": 100.0, "percent_covered_display": "100", "missing_lines": 0, "excluded_lines": 0}, "missing_lines": [], "excluded_lines": []}}, "classes": {"SecurityError": {"executed_lines": [], "summary": {"covered_lines": 0, "num_statements": 0, "percent_covered": 100.0, "percent_covered_display": "100", "missing_lines": 0, "excluded_lines": 0}, "missing_lines": [], "excluded_lines": []}, "ResourceLimitError": {"executed_lines": [], "summary": {"covered_lines": 0, "num_statements": 0, "percent_covered": 100.0, "percent_covered_display": "100", "missing_lines": 0, "excluded_lines": 0}, "missing_lines": [], "excluded_lines": []}, "SecurityAuditLogger": {"executed_lines": [], "summary": {"covered_lines": 0, "num_statements": 14, "percent_covered": 0.0, "percent_covered_display": "0", "missing_lines": 14, "excluded_lines": 0}, "missing_lines": [59, 60, 63, 64, 65, 66, 67, 68, 78, 88, 92, 100, 104, 112], "excluded_lines": []}, "ResourceMonitor": {"executed_lines": [], "summary": {"covered_lines": 0, "num_statements": 33, "percent_covered": 0.0, "percent_covered_display": "0", "missing_lines": 33, "excluded_lines": 0}, "missing_lines": [132, 133, 134, 138, 140, 141, 143, 144, 149, 150, 151, 152, 154, 157, 158, 159, 161, 162, 174, 175, 178, 179, 182, 185, 186, 188, 189, 191, 198, 199, 200, 201, 202], "excluded_lines": []}, "SubprocessSecurityValidator": {"executed_lines": [], "summary": {"covered_lines": 0, "num_statements": 73, "percent_covered": 0.0, "percent_covered_display": "0", "missing_lines": 73, "excluded_lines": 0}, "missing_lines": [338, 339, 342, 343, 344, 346, 347, 350, 351, 352, 358, 359, 360, 364, 365, 366, 372, 373, 374, 377, 378, 383, 384, 385, 388, 389, 392, 393, 394, 399, 400, 401, 404, 405, 406, 407, 408, 409, 412, 413, 419, 420, 421, 434, 435, 437, 438, 450, 452, 453, 454, 457, 458, 461, 462, 463, 465, 467, 484, 485, 487, 488, 490, 492, 493, 496, 498, 499, 502, 503, 504, 505, 507], "excluded_lines": []}, "SecureSubprocessRunner": {"executed_lines": [], "summary": {"covered_lines": 0, "num_statements": 134, "percent_covered": 0.0, "percent_covered_display": "0", "missing_lines": 134, "excluded_lines": 0}, "missing_lines": [533, 534, 535, 538, 540, 542, 543, 544, 548, 549, 551, 552, 553, 554, 560, 597, 598, 600, 601, 603, 605, 608, 609, 612, 613, 616, 619, 622, 624, 627, 628, 631, 633, 636, 637, 639, 650, 651, 657, 659, 660, 663, 665, 666, 668, 669, 670, 671, 674, 683, 685, 686, 687, 688, 689, 690, 693, 702, 704, 705, 706, 707, 708, 711, 720, 722, 723, 724, 725, 726, 729, 731, 732, 733, 734, 735, 738, 747, 749, 750, 762, 765, 766, 768, 778, 779, 780, 782, 783, 786, 787, 788, 789, 790, 791, 792, 793, 795, 798, 799, 802, 803, 804, 808, 817, 820, 822, 824, 826, 827, 828, 829, 830, 831, 832, 833, 837, 839, 842, 845, 846, 848, 849, 853, 855, 860, 861, 865, 869, 878, 882, 886, 890, 894], "excluded_lines": []}, "SecureTempManager": {"executed_lines": [], "summary": {"covered_lines": 0, "num_statements": 26, "percent_covered": 0.0, "percent_covered_display": "0", "missing_lines": 26, "excluded_lines": 0}, "missing_lines": [908, 909, 910, 922, 924, 925, 927, 928, 942, 944, 945, 947, 948, 952, 954, 955, 956, 957, 958, 960, 961, 962, 963, 965, 969, 973], "excluded_lines": []}, "SecurityMetrics": {"executed_lines": [], "summary": {"covered_lines": 0, "num_statements": 25, "percent_covered": 0.0, "percent_covered_display": "0", "missing_lines": 25, "excluded_lines": 0}, "missing_lines": [1070, 1085, 1086, 1088, 1089, 1093, 1094, 1097, 1102, 1105, 1106, 1107, 1111, 1112, 1113, 1119, 1123, 1127, 1129, 1135, 1136, 1140, 1141, 1143, 1168], "excluded_lines": []}, "SecurityMetrics._MetricsDict": {"executed_lines": [], "summary": {"covered_lines": 0, "num_statements": 0, "percent_covered": 100.0, "percent_covered_display": "100", "missing_lines": 0, "excluded_lines": 0}, "missing_lines": [], "excluded_lines": []}, "SecurityAlerting": {"executed_lines": [], "summary": {"covered_lines": 0, "num_statements": 40, "percent_covered": 0.0, "percent_covered_display": "0", "missing_lines": 40, "excluded_lines": 0}, "missing_lines": [1181, 1188, 1189, 1201, 1202, 1205, 1206, 1211, 1212, 1220, 1223, 1225, 1226, 1231, 1234, 1238, 1243, 1246, 1250, 1255, 1258, 1259, 1260, 1269, 1272, 1273, 1274, 1276, 1280, 1281, 1282, 1286, 1296, 1302, 1303, 1305, 1309, 1310, 1311, 1315], "excluded_lines": []}, "SecurityMonitor": {"executed_lines": [], "summary": {"covered_lines": 0, "num_statements": 38, "percent_covered": 0.0, "percent_covered_display": "0", "missing_lines": 38, "excluded_lines": 0}, "missing_lines": [1333, 1334, 1335, 1336, 1348, 1349, 1352, 1355, 1358, 1362, 1363, 1366, 1369, 1373, 1374, 1377, 1378, 1381, 1382, 1385, 1389, 1391, 1412, 1413, 1414, 1418, 1419, 1421, 1425, 1426, 1427, 1431, 1432, 1436, 1437, 1441, 1442, 1443], "excluded_lines": []}, "": {"executed_lines": [2, 21, 22, 23, 24, 25, 26, 27, 28, 29, 30, 31, 32, 33, 34, 36, 38, 41, 42, 45, 46, 49, 50, 52, 70, 90, 102, 115, 116, 118, 136, 164, 205, 206, 209, 235, 252, 269, 320, 321, 423, 424, 469, 470, 510, 511, 513, 562, 752, 835, 851, 863, 867, 876, 880, 884, 888, 892, 897, 898, 900, 912, 930, 950, 967, 971, 977, 1025, 1039, 1053, 1054, 1056, 1057, 1058, 1059, 1060, 1061, 1062, 1063, 1064, 1065, 1066, 1068, 1083, 1091, 1109, 1117, 1121, 1125, 1166, 1171, 1172, 1174, 1191, 1278, 1284, 1294, 1307, 1313, 1318, 1319, 1321, 1338, 1360, 1371, 1387, 1416, 1423, 1429, 1434, 1439, 1447, 1450, 1471, 1477], "summary": {"covered_lines": 104, "num_statements": 116, "percent_covered": 89.65517241379311, "percent_covered_display": "90", "missing_lines": 12, "excluded_lines": 0}, "missing_lines": [1007, 1013, 1036, 1049, 1050, 1465, 1466, 1468, 1473, 1474, 1479, 1480], "excluded_lines": []}}}, "src/pdfrebuilder/settings.py": {"executed_lines": [1, 3, 4, 6, 19, 20, 27, 28, 29, 30, 31, 32, 33, 34, 35, 36, 39, 40, 41, 42, 43, 44, 47, 48, 49, 50, 51, 54, 57, 59, 60, 61, 63, 73], "summary": {"covered_lines": 34, "num_statements": 34, "percent_covered": 100.0, "percent_covered_display": "100", "missing_lines": 0, "excluded_lines": 0}, "missing_lines": [], "excluded_lines": [], "functions": {"configure_logging": {"executed_lines": [59, 60, 61, 63], "summary": {"covered_lines": 4, "num_statements": 4, "percent_covered": 100.0, "percent_covered_display": "100", "missing_lines": 0, "excluded_lines": 0}, "missing_lines": [], "excluded_lines": []}, "": {"executed_lines": [1, 3, 4, 6, 19, 20, 27, 28, 29, 30, 31, 32, 33, 34, 35, 36, 39, 40, 41, 42, 43, 44, 47, 48, 49, 50, 51, 54, 57, 73], "summary": {"covered_lines": 30, "num_statements": 30, "percent_covered": 100.0, "percent_covered_display": "100", "missing_lines": 0, "excluded_lines": 0}, "missing_lines": [], "excluded_lines": []}}, "classes": {"Settings": {"executed_lines": [], "summary": {"covered_lines": 0, "num_statements": 0, "percent_covered": 100.0, "percent_covered_display": "100", "missing_lines": 0, "excluded_lines": 0}, "missing_lines": [], "excluded_lines": []}, "": {"executed_lines": [1, 3, 4, 6, 19, 20, 27, 28, 29, 30, 31, 32, 33, 34, 35, 36, 39, 40, 41, 42, 43, 44, 47, 48, 49, 50, 51, 54, 57, 59, 60, 61, 63, 73], "summary": {"covered_lines": 34, "num_statements": 34, "percent_covered": 100.0, "percent_covered_display": "100", "missing_lines": 0, "excluded_lines": 0}, "missing_lines": [], "excluded_lines": []}}}, "src/pdfrebuilder/tools/__init__.py": {"executed_lines": [1, 3, 5], "summary": {"covered_lines": 2, "num_statements": 2, "percent_covered": 100.0, "percent_covered_display": "100", "missing_lines": 0, "excluded_lines": 0}, "missing_lines": [], "excluded_lines": [], "functions": {"": {"executed_lines": [1, 3, 5], "summary": {"covered_lines": 2, "num_statements": 2, "percent_covered": 100.0, "percent_covered_display": "100", "missing_lines": 0, "excluded_lines": 0}, "missing_lines": [], "excluded_lines": []}}, "classes": {"": {"executed_lines": [1, 3, 5], "summary": {"covered_lines": 2, "num_statements": 2, "percent_covered": 100.0, "percent_covered_display": "100", "missing_lines": 0, "excluded_lines": 0}, "missing_lines": [], "excluded_lines": []}}}, "src/pdfrebuilder/tools/generic.py": {"executed_lines": [1, 2, 3, 5, 11, 21, 37, 39, 42, 50, 54, 55, 56, 57, 58, 62, 65, 66, 69, 70, 72, 90, 91, 92, 95, 105, 110, 113, 115, 116, 119, 125, 126, 128, 129, 130, 132, 135, 145, 146, 148, 151, 152, 155, 156, 159, 160, 161, 162, 166, 167, 168, 169], "summary": {"covered_lines": 53, "num_statements": 90, "percent_covered": 58.888888888888886, "percent_covered_display": "59", "missing_lines": 37, "excluded_lines": 0}, "missing_lines": [13, 14, 15, 16, 17, 18, 26, 27, 28, 30, 31, 34, 44, 45, 46, 47, 51, 52, 53, 74, 75, 76, 79, 80, 83, 84, 85, 86, 87, 96, 99, 100, 101, 102, 103, 111, 163], "excluded_lines": [], "functions": {"_rgb_to_hex": {"executed_lines": [], "summary": {"covered_lines": 0, "num_statements": 6, "percent_covered": 0.0, "percent_covered_display": "0", "missing_lines": 6, "excluded_lines": 0}, "missing_lines": [13, 14, 15, 16, 17, 18], "excluded_lines": []}, "_print_color_swatch": {"executed_lines": [], "summary": {"covered_lines": 0, "num_statements": 6, "percent_covered": 0.0, "percent_covered_display": "0", "missing_lines": 6, "excluded_lines": 0}, "missing_lines": [26, 27, 28, 30, 31, 34], "excluded_lines": []}, "serialize_pdf_content_to_config": {"executed_lines": [39, 42, 50, 54, 55, 56, 57, 58, 62, 65, 66, 69, 70, 72, 90, 91, 92, 95, 105, 110, 113, 115, 116], "summary": {"covered_lines": 23, "num_statements": 47, "percent_covered": 48.93617021276596, "percent_covered_display": "49", "missing_lines": 24, "excluded_lines": 0}, "missing_lines": [44, 45, 46, 47, 51, 52, 53, 74, 75, 76, 79, 80, 83, 84, 85, 86, 87, 96, 99, 100, 101, 102, 103, 111], "excluded_lines": []}, "normalize_text_spacing": {"executed_lines": [125, 126, 128, 129, 130, 132], "summary": {"covered_lines": 6, "num_statements": 6, "percent_covered": 100.0, "percent_covered_display": "100", "missing_lines": 0, "excluded_lines": 0}, "missing_lines": [], "excluded_lines": []}, "detect_file_format": {"executed_lines": [145, 146, 148, 151, 152, 155, 156, 159, 160, 161, 162, 166, 167, 168, 169], "summary": {"covered_lines": 15, "num_statements": 16, "percent_covered": 93.75, "percent_covered_display": "94", "missing_lines": 1, "excluded_lines": 0}, "missing_lines": [163], "excluded_lines": []}, "": {"executed_lines": [1, 2, 3, 5, 11, 21, 37, 119, 135], "summary": {"covered_lines": 9, "num_statements": 9, "percent_covered": 100.0, "percent_covered_display": "100", "missing_lines": 0, "excluded_lines": 0}, "missing_lines": [], "excluded_lines": []}}, "classes": {"": {"executed_lines": [1, 2, 3, 5, 11, 21, 37, 39, 42, 50, 54, 55, 56, 57, 58, 62, 65, 66, 69, 70, 72, 90, 91, 92, 95, 105, 110, 113, 115, 116, 119, 125, 126, 128, 129, 130, 132, 135, 145, 146, 148, 151, 152, 155, 156, 159, 160, 161, 162, 166, 167, 168, 169], "summary": {"covered_lines": 53, "num_statements": 90, "percent_covered": 58.888888888888886, "percent_covered_display": "59", "missing_lines": 37, "excluded_lines": 0}, "missing_lines": [13, 14, 15, 16, 17, 18, 26, 27, 28, 30, 31, 34, 44, 45, 46, 47, 51, 52, 53, 74, 75, 76, 79, 80, 83, 84, 85, 86, 87, 96, 99, 100, 101, 102, 103, 111, 163], "excluded_lines": []}}}, "src/pdfrebuilder/tools/schema_tools.py": {"executed_lines": [], "summary": {"covered_lines": 0, "num_statements": 33, "percent_covered": 0.0, "percent_covered_display": "0", "missing_lines": 33, "excluded_lines": 0}, "missing_lines": [8, 9, 13, 16, 26, 35, 47, 48, 50, 53, 54, 57, 58, 59, 60, 61, 64, 65, 67, 68, 70, 71, 72, 73, 74, 75, 76, 77, 80, 81, 82, 84, 86], "excluded_lines": [], "functions": {"get_document_statistics": {"executed_lines": [], "summary": {"covered_lines": 0, "num_statements": 17, "percent_covered": 0.0, "percent_covered_display": "0", "missing_lines": 17, "excluded_lines": 0}, "missing_lines": [26, 35, 47, 48, 50, 53, 54, 57, 58, 59, 60, 61, 64, 65, 67, 84, 86], "excluded_lines": []}, "get_document_statistics.count_elements": {"executed_lines": [], "summary": {"covered_lines": 0, "num_statements": 12, "percent_covered": 0.0, "percent_covered_display": "0", "missing_lines": 12, "excluded_lines": 0}, "missing_lines": [68, 70, 71, 72, 73, 74, 75, 76, 77, 80, 81, 82], "excluded_lines": []}, "": {"executed_lines": [], "summary": {"covered_lines": 0, "num_statements": 4, "percent_covered": 0.0, "percent_covered_display": "0", "missing_lines": 4, "excluded_lines": 0}, "missing_lines": [8, 9, 13, 16], "excluded_lines": []}}, "classes": {"": {"executed_lines": [], "summary": {"covered_lines": 0, "num_statements": 33, "percent_covered": 0.0, "percent_covered_display": "0", "missing_lines": 33, "excluded_lines": 0}, "missing_lines": [8, 9, 13, 16, 26, 35, 47, 48, 50, 53, 54, 57, 58, 59, 60, 61, 64, 65, 67, 68, 70, 71, 72, 73, 74, 75, 76, 77, 80, 81, 82, 84, 86], "excluded_lines": []}}}, "src/pdfrebuilder/utils/__init__.py": {"executed_lines": [], "summary": {"covered_lines": 0, "num_statements": 1, "percent_covered": 0.0, "percent_covered_display": "0", "missing_lines": 1, "excluded_lines": 0}, "missing_lines": [3], "excluded_lines": [], "functions": {"": {"executed_lines": [], "summary": {"covered_lines": 0, "num_statements": 1, "percent_covered": 0.0, "percent_covered_display": "0", "missing_lines": 1, "excluded_lines": 0}, "missing_lines": [3], "excluded_lines": []}}, "classes": {"": {"executed_lines": [], "summary": {"covered_lines": 0, "num_statements": 1, "percent_covered": 0.0, "percent_covered_display": "0", "missing_lines": 1, "excluded_lines": 0}, "missing_lines": [3], "excluded_lines": []}}}, "src/pdfrebuilder/utils/directory_utils.py": {"executed_lines": [], "summary": {"covered_lines": 0, "num_statements": 64, "percent_covered": 0.0, "percent_covered_display": "0", "missing_lines": 64, "excluded_lines": 0}, "missing_lines": [8, 9, 11, 14, 24, 25, 27, 29, 30, 32, 33, 34, 37, 47, 48, 50, 51, 53, 55, 58, 68, 70, 71, 72, 74, 75, 76, 79, 80, 81, 82, 83, 84, 86, 87, 88, 91, 101, 104, 105, 106, 109, 110, 111, 113, 114, 117, 124, 127, 134, 136, 137, 140, 141, 142, 143, 145, 146, 147, 149, 150, 152, 153, 154], "excluded_lines": [], "functions": {"ensure_directories_exist": {"executed_lines": [], "summary": {"covered_lines": 0, "num_statements": 8, "percent_covered": 0.0, "percent_covered_display": "0", "missing_lines": 8, "excluded_lines": 0}, "missing_lines": [24, 25, 27, 29, 30, 32, 33, 34], "excluded_lines": []}, "validate_directory_exists": {"executed_lines": [], "summary": {"covered_lines": 0, "num_statements": 6, "percent_covered": 0.0, "percent_covered_display": "0", "missing_lines": 6, "excluded_lines": 0}, "missing_lines": [47, 48, 50, 51, 53, 55], "excluded_lines": []}, "validate_directory_writable": {"executed_lines": [], "summary": {"covered_lines": 0, "num_statements": 16, "percent_covered": 0.0, "percent_covered_display": "0", "missing_lines": 16, "excluded_lines": 0}, "missing_lines": [68, 70, 71, 72, 74, 75, 76, 79, 80, 81, 82, 83, 84, 86, 87, 88], "excluded_lines": []}, "validate_directory_for_operations": {"executed_lines": [], "summary": {"covered_lines": 0, "num_statements": 9, "percent_covered": 0.0, "percent_covered_display": "0", "missing_lines": 9, "excluded_lines": 0}, "missing_lines": [101, 104, 105, 106, 109, 110, 111, 113, 114], "excluded_lines": []}, "get_target_directories": {"executed_lines": [], "summary": {"covered_lines": 0, "num_statements": 1, "percent_covered": 0.0, "percent_covered_display": "0", "missing_lines": 1, "excluded_lines": 0}, "missing_lines": [124], "excluded_lines": []}, "setup_project_directories": {"executed_lines": [], "summary": {"covered_lines": 0, "num_statements": 15, "percent_covered": 0.0, "percent_covered_display": "0", "missing_lines": 15, "excluded_lines": 0}, "missing_lines": [134, 136, 137, 140, 141, 142, 143, 145, 146, 147, 149, 150, 152, 153, 154], "excluded_lines": []}, "": {"executed_lines": [], "summary": {"covered_lines": 0, "num_statements": 9, "percent_covered": 0.0, "percent_covered_display": "0", "missing_lines": 9, "excluded_lines": 0}, "missing_lines": [8, 9, 11, 14, 37, 58, 91, 117, 127], "excluded_lines": []}}, "classes": {"": {"executed_lines": [], "summary": {"covered_lines": 0, "num_statements": 64, "percent_covered": 0.0, "percent_covered_display": "0", "missing_lines": 64, "excluded_lines": 0}, "missing_lines": [8, 9, 11, 14, 24, 25, 27, 29, 30, 32, 33, 34, 37, 47, 48, 50, 51, 53, 55, 58, 68, 70, 71, 72, 74, 75, 76, 79, 80, 81, 82, 83, 84, 86, 87, 88, 91, 101, 104, 105, 106, 109, 110, 111, 113, 114, 117, 124, 127, 134, 136, 137, 140, 141, 142, 143, 145, 146, 147, 149, 150, 152, 153, 154], "excluded_lines": []}}}}, "totals": {"covered_lines": 3571, "num_statements": 8954, "percent_covered": 39.881617154344426, "percent_covered_display": "40", "missing_lines": 5383, "excluded_lines": 326}}
